<?xml version="1.0" encoding="UTF-8"?>
<testsuite name="tourGuide.TestPerformance" tests="2" skipped="0" failures="0" errors="0" timestamp="2022-09-30T10:29:20" hostname="ALIENWARE-M15R4" time="113.212">
  <properties/>
  <testcase name="highVolumeTrackLocation" classname="tourGuide.TestPerformance" time="1.08"/>
  <testcase name="highVolumeGetRewards" classname="tourGuide.TestPerformance" time="112.131"/>
  <system-out><![CDATA[12:29:20.628 [Test worker] INFO tourGuide.service.TourGuideService - TestMode enabled
12:29:20.636 [Test worker] DEBUG tourGuide.service.TourGuideService - Initializing users
12:29:21.254 [Test worker] DEBUG tourGuide.service.TourGuideService - Created 100000 internal test users.
12:29:21.254 [Test worker] DEBUG tourGuide.service.TourGuideService - Finished initializing users
12:29:21.275 [pool-1-thread-1] DEBUG tourGuide.tracker.Tracker - Begin Tracker. Tracking 100000 users.
highVolumeTrackLocation: Time Elapsed: 0 seconds.
12:29:21.590 [Test worker] INFO tourGuide.service.TourGuideService - TestMode enabled
12:29:21.590 [Test worker] DEBUG tourGuide.service.TourGuideService - Initializing users
12:29:22.055 [Test worker] DEBUG tourGuide.service.TourGuideService - Created 100000 internal test users.
12:29:22.055 [Test worker] DEBUG tourGuide.service.TourGuideService - Finished initializing users
12:29:22.062 [pool-2-thread-1] DEBUG tourGuide.tracker.Tracker - Begin Tracker. Tracking 100000 users.
highVolumeGetRewards: Time Elapsed: 112 seconds.
]]></system-out>
  <system-err><![CDATA[sept. 30, 2022 12:29:20 PM org.javamoney.moneta.DefaultMonetaryContextFactory createMonetaryContextNonNullConfig
INFOS: Using custom MathContext: precision=256, roundingMode=HALF_EVEN
Exception in thread "Thread-23" java.lang.NumberFormatException: For input string: "-18,977676"
	at sun.misc.FloatingDecimal.readJavaFormatString(FloatingDecimal.java:2043)
	at sun.misc.FloatingDecimal.parseDouble(FloatingDecimal.java:110)
	at java.lang.Double.parseDouble(Double.java:538)
	at gpsUtil.GpsUtil.getUserLocation(GpsUtil.java:30)
	at tourGuide.service.TourGuideService.trackUserLocation(TourGuideService.java:84)
	at tourGuide.service.TourGuideService$1.run(TourGuideService.java:115)
Exception in thread "Thread-29" java.lang.NumberFormatException: For input string: "62,604277"
	at sun.misc.FloatingDecimal.readJavaFormatString(FloatingDecimal.java:2043)
	at sun.misc.FloatingDecimal.parseDouble(FloatingDecimal.java:110)
	at java.lang.Double.parseDouble(Double.java:538)
	at gpsUtil.GpsUtil.getUserLocation(GpsUtil.java:30)
	at tourGuide.service.TourGuideService.trackUserLocation(TourGuideService.java:84)
	at tourGuide.service.TourGuideService$1.run(TourGuideService.java:115)
Exception in thread "Thread-13" java.lang.NumberFormatException: For input string: "58,208728"
	at sun.misc.FloatingDecimal.readJavaFormatString(FloatingDecimal.java:2043)
	at sun.misc.FloatingDecimal.parseDouble(FloatingDecimal.java:110)
	at java.lang.Double.parseDouble(Double.java:538)
	at gpsUtil.GpsUtil.getUserLocation(GpsUtil.java:30)
	at tourGuide.service.TourGuideService.trackUserLocation(TourGuideService.java:84)
	at tourGuide.service.TourGuideService$1.run(TourGuideService.java:115)
Exception in thread "Thread-30" java.lang.NumberFormatException: For input string: "14,930951"
	at sun.misc.FloatingDecimal.readJavaFormatString(FloatingDecimal.java:2043)
	at sun.misc.FloatingDecimal.parseDouble(FloatingDecimal.java:110)
	at java.lang.Double.parseDouble(Double.java:538)
	at gpsUtil.GpsUtil.getUserLocation(GpsUtil.java:30)
	at tourGuide.service.TourGuideService.trackUserLocation(TourGuideService.java:84)
	at tourGuide.service.TourGuideService$1.run(TourGuideService.java:115)
Exception in thread "Thread-53" java.lang.NumberFormatException: For input string: "147,545236"
	at sun.misc.FloatingDecimal.readJavaFormatString(FloatingDecimal.java:2043)
	at sun.misc.FloatingDecimal.parseDouble(FloatingDecimal.java:110)
	at java.lang.Double.parseDouble(Double.java:538)
	at gpsUtil.GpsUtil.getUserLocation(GpsUtil.java:30)
	at tourGuide.service.TourGuideService.trackUserLocation(TourGuideService.java:84)
	at tourGuide.service.TourGuideService$1.run(TourGuideService.java:115)
Exception in thread "Thread-17" java.lang.NumberFormatException: For input string: "115,922358"
	at sun.misc.FloatingDecimal.readJavaFormatString(FloatingDecimal.java:2043)
	at sun.misc.FloatingDecimal.parseDouble(FloatingDecimal.java:110)
	at java.lang.Double.parseDouble(Double.java:538)
	at gpsUtil.GpsUtil.getUserLocation(GpsUtil.java:30)
	at tourGuide.service.TourGuideService.trackUserLocation(TourGuideService.java:84)
	at tourGuide.service.TourGuideService$1.run(TourGuideService.java:115)
Exception in thread "Thread-32" java.lang.NumberFormatException: For input string: "-60,768832"
	at sun.misc.FloatingDecimal.readJavaFormatString(FloatingDecimal.java:2043)
	at sun.misc.FloatingDecimal.parseDouble(FloatingDecimal.java:110)
	at java.lang.Double.parseDouble(Double.java:538)
	at gpsUtil.GpsUtil.getUserLocation(GpsUtil.java:30)
	at tourGuide.service.TourGuideService.trackUserLocation(TourGuideService.java:84)
	at tourGuide.service.TourGuideService$1.run(TourGuideService.java:115)
Exception in thread "Thread-12" java.lang.NumberFormatException: For input string: "-10,946770"
	at sun.misc.FloatingDecimal.readJavaFormatString(FloatingDecimal.java:2043)
	at sun.misc.FloatingDecimal.parseDouble(FloatingDecimal.java:110)
	at java.lang.Double.parseDouble(Double.java:538)
	at gpsUtil.GpsUtil.getUserLocation(GpsUtil.java:30)
	at tourGuide.service.TourGuideService.trackUserLocation(TourGuideService.java:84)
	at tourGuide.service.TourGuideService$1.run(TourGuideService.java:115)
Exception in thread "Thread-18" java.lang.NumberFormatException: For input string: "-103,822032"
	at sun.misc.FloatingDecimal.readJavaFormatString(FloatingDecimal.java:2043)
	at sun.misc.FloatingDecimal.parseDouble(FloatingDecimal.java:110)
	at java.lang.Double.parseDouble(Double.java:538)
	at gpsUtil.GpsUtil.getUserLocation(GpsUtil.java:30)
	at tourGuide.service.TourGuideService.trackUserLocation(TourGuideService.java:84)
	at tourGuide.service.TourGuideService$1.run(TourGuideService.java:115)
Exception in thread "Thread-24" java.lang.NumberFormatException: For input string: "16,538179"
	at sun.misc.FloatingDecimal.readJavaFormatString(FloatingDecimal.java:2043)
	at sun.misc.FloatingDecimal.parseDouble(FloatingDecimal.java:110)
	at java.lang.Double.parseDouble(Double.java:538)
	at gpsUtil.GpsUtil.getUserLocation(GpsUtil.java:30)
	at tourGuide.service.TourGuideService.trackUserLocation(TourGuideService.java:84)
	at tourGuide.service.TourGuideService$1.run(TourGuideService.java:115)
Exception in thread "Thread-25" java.lang.NumberFormatException: For input string: "121,690460"
	at sun.misc.FloatingDecimal.readJavaFormatString(FloatingDecimal.java:2043)
	at sun.misc.FloatingDecimal.parseDouble(FloatingDecimal.java:110)
	at java.lang.Double.parseDouble(Double.java:538)
	at gpsUtil.GpsUtil.getUserLocation(GpsUtil.java:30)
	at tourGuide.service.TourGuideService.trackUserLocation(TourGuideService.java:84)
	at tourGuide.service.TourGuideService$1.run(TourGuideService.java:115)
Exception in thread "Thread-21" java.lang.NumberFormatException: For input string: "140,697193"
	at sun.misc.FloatingDecimal.readJavaFormatString(FloatingDecimal.java:2043)
	at sun.misc.FloatingDecimal.parseDouble(FloatingDecimal.java:110)
	at java.lang.Double.parseDouble(Double.java:538)
	at gpsUtil.GpsUtil.getUserLocation(GpsUtil.java:30)
	at tourGuide.service.TourGuideService.trackUserLocation(TourGuideService.java:84)
	at tourGuide.service.TourGuideService$1.run(TourGuideService.java:115)
Exception in thread "Thread-38" java.lang.NumberFormatException: For input string: "99,257365"
	at sun.misc.FloatingDecimal.readJavaFormatString(FloatingDecimal.java:2043)
	at sun.misc.FloatingDecimal.parseDouble(FloatingDecimal.java:110)
	at java.lang.Double.parseDouble(Double.java:538)
	at gpsUtil.GpsUtil.getUserLocation(GpsUtil.java:30)
	at tourGuide.service.TourGuideService.trackUserLocation(TourGuideService.java:84)
	at tourGuide.service.TourGuideService$1.run(TourGuideService.java:115)
Exception in thread "Thread-33" java.lang.NumberFormatException: For input string: "8,977606"
	at sun.misc.FloatingDecimal.readJavaFormatString(FloatingDecimal.java:2043)
	at sun.misc.FloatingDecimal.parseDouble(FloatingDecimal.java:110)
	at java.lang.Double.parseDouble(Double.java:538)
	at gpsUtil.GpsUtil.getUserLocation(GpsUtil.java:30)
	at tourGuide.service.TourGuideService.trackUserLocation(TourGuideService.java:84)
	at tourGuide.service.TourGuideService$1.run(TourGuideService.java:115)
Exception in thread "Thread-59" java.lang.NumberFormatException: For input string: "-112,154953"
	at sun.misc.FloatingDecimal.readJavaFormatString(FloatingDecimal.java:2043)
	at sun.misc.FloatingDecimal.parseDouble(FloatingDecimal.java:110)
	at java.lang.Double.parseDouble(Double.java:538)
	at gpsUtil.GpsUtil.getUserLocation(GpsUtil.java:30)
	at tourGuide.service.TourGuideService.trackUserLocation(TourGuideService.java:84)
	at tourGuide.service.TourGuideService$1.run(TourGuideService.java:115)
Exception in thread "Thread-62" java.lang.NumberFormatException: For input string: "-113,663468"
	at sun.misc.FloatingDecimal.readJavaFormatString(FloatingDecimal.java:2043)
	at sun.misc.FloatingDecimal.parseDouble(FloatingDecimal.java:110)
	at java.lang.Double.parseDouble(Double.java:538)
	at gpsUtil.GpsUtil.getUserLocation(GpsUtil.java:30)
	at tourGuide.service.TourGuideService.trackUserLocation(TourGuideService.java:84)
	at tourGuide.service.TourGuideService$1.run(TourGuideService.java:115)
Exception in thread "Thread-19" java.lang.NumberFormatException: For input string: "-21,954829"
	at sun.misc.FloatingDecimal.readJavaFormatString(FloatingDecimal.java:2043)
	at sun.misc.FloatingDecimal.parseDouble(FloatingDecimal.java:110)
	at java.lang.Double.parseDouble(Double.java:538)
	at gpsUtil.GpsUtil.getUserLocation(GpsUtil.java:30)
	at tourGuide.service.TourGuideService.trackUserLocation(TourGuideService.java:84)
	at tourGuide.service.TourGuideService$1.run(TourGuideService.java:115)
Exception in thread "Thread-42" java.lang.NumberFormatException: For input string: "-48,885355"
	at sun.misc.FloatingDecimal.readJavaFormatString(FloatingDecimal.java:2043)
	at sun.misc.FloatingDecimal.parseDouble(FloatingDecimal.java:110)
	at java.lang.Double.parseDouble(Double.java:538)
	at gpsUtil.GpsUtil.getUserLocation(GpsUtil.java:30)
	at tourGuide.service.TourGuideService.trackUserLocation(TourGuideService.java:84)
	at tourGuide.service.TourGuideService$1.run(TourGuideService.java:115)
Exception in thread "Thread-41" java.lang.NumberFormatException: For input string: "-19,790676"
	at sun.misc.FloatingDecimal.readJavaFormatString(FloatingDecimal.java:2043)
	at sun.misc.FloatingDecimal.parseDouble(FloatingDecimal.java:110)
	at java.lang.Double.parseDouble(Double.java:538)
	at gpsUtil.GpsUtil.getUserLocation(GpsUtil.java:30)
	at tourGuide.service.TourGuideService.trackUserLocation(TourGuideService.java:84)
	at tourGuide.service.TourGuideService$1.run(TourGuideService.java:115)
Exception in thread "Thread-58" java.lang.NumberFormatException: For input string: "-128,040650"
	at sun.misc.FloatingDecimal.readJavaFormatString(FloatingDecimal.java:2043)
	at sun.misc.FloatingDecimal.parseDouble(FloatingDecimal.java:110)
	at java.lang.Double.parseDouble(Double.java:538)
	at gpsUtil.GpsUtil.getUserLocation(GpsUtil.java:30)
	at tourGuide.service.TourGuideService.trackUserLocation(TourGuideService.java:84)
	at tourGuide.service.TourGuideService$1.run(TourGuideService.java:115)
Exception in thread "Thread-64" java.lang.NumberFormatException: For input string: "32,172133"
	at sun.misc.FloatingDecimal.readJavaFormatString(FloatingDecimal.java:2043)
	at sun.misc.FloatingDecimal.parseDouble(FloatingDecimal.java:110)
	at java.lang.Double.parseDouble(Double.java:538)
	at gpsUtil.GpsUtil.getUserLocation(GpsUtil.java:30)
	at tourGuide.service.TourGuideService.trackUserLocation(TourGuideService.java:84)
	at tourGuide.service.TourGuideService$1.run(TourGuideService.java:115)
Exception in thread "Thread-8" java.lang.NumberFormatException: For input string: "48,121326"
	at sun.misc.FloatingDecimal.readJavaFormatString(FloatingDecimal.java:2043)
	at sun.misc.FloatingDecimal.parseDouble(FloatingDecimal.java:110)
	at java.lang.Double.parseDouble(Double.java:538)
	at gpsUtil.GpsUtil.getUserLocation(GpsUtil.java:30)
	at tourGuide.service.TourGuideService.trackUserLocation(TourGuideService.java:84)
	at tourGuide.service.TourGuideService$1.run(TourGuideService.java:115)
Exception in thread "Thread-107" java.lang.NumberFormatException: For input string: "-44,957308"
	at sun.misc.FloatingDecimal.readJavaFormatString(FloatingDecimal.java:2043)
	at sun.misc.FloatingDecimal.parseDouble(FloatingDecimal.java:110)
	at java.lang.Double.parseDouble(Double.java:538)
	at gpsUtil.GpsUtil.getUserLocation(GpsUtil.java:30)
	at tourGuide.service.TourGuideService.trackUserLocation(TourGuideService.java:84)
	at tourGuide.service.TourGuideService$1.run(TourGuideService.java:115)
Exception in thread "Thread-15" java.lang.NumberFormatException: For input string: "67,623285"
	at sun.misc.FloatingDecimal.readJavaFormatString(FloatingDecimal.java:2043)
	at sun.misc.FloatingDecimal.parseDouble(FloatingDecimal.java:110)
	at java.lang.Double.parseDouble(Double.java:538)
	at gpsUtil.GpsUtil.getUserLocation(GpsUtil.java:30)
	at tourGuide.service.TourGuideService.trackUserLocation(TourGuideService.java:84)
	at tourGuide.service.TourGuideService$1.run(TourGuideService.java:115)
Exception in thread "Thread-45" java.lang.NumberFormatException: For input string: "-42,503921"
	at sun.misc.FloatingDecimal.readJavaFormatString(FloatingDecimal.java:2043)
	at sun.misc.FloatingDecimal.parseDouble(FloatingDecimal.java:110)
	at java.lang.Double.parseDouble(Double.java:538)
	at gpsUtil.GpsUtil.getUserLocation(GpsUtil.java:30)
	at tourGuide.service.TourGuideService.trackUserLocation(TourGuideService.java:84)
	at tourGuide.service.TourGuideService$1.run(TourGuideService.java:115)
Exception in thread "Thread-111" java.lang.NumberFormatException: For input string: "-29,060030"
	at sun.misc.FloatingDecimal.readJavaFormatString(FloatingDecimal.java:2043)
	at sun.misc.FloatingDecimal.parseDouble(FloatingDecimal.java:110)
	at java.lang.Double.parseDouble(Double.java:538)
	at gpsUtil.GpsUtil.getUserLocation(GpsUtil.java:30)
	at tourGuide.service.TourGuideService.trackUserLocation(TourGuideService.java:84)
	at tourGuide.service.TourGuideService$1.run(TourGuideService.java:115)
Exception in thread "Thread-104" java.lang.NumberFormatException: For input string: "-69,011565"
	at sun.misc.FloatingDecimal.readJavaFormatString(FloatingDecimal.java:2043)
	at sun.misc.FloatingDecimal.parseDouble(FloatingDecimal.java:110)
	at java.lang.Double.parseDouble(Double.java:538)
	at gpsUtil.GpsUtil.getUserLocation(GpsUtil.java:30)
	at tourGuide.service.TourGuideService.trackUserLocation(TourGuideService.java:84)
	at tourGuide.service.TourGuideService$1.run(TourGuideService.java:115)
Exception in thread "Thread-22" java.lang.NumberFormatException: For input string: "33,580098"
	at sun.misc.FloatingDecimal.readJavaFormatString(FloatingDecimal.java:2043)
	at sun.misc.FloatingDecimal.parseDouble(FloatingDecimal.java:110)
	at java.lang.Double.parseDouble(Double.java:538)
	at gpsUtil.GpsUtil.getUserLocation(GpsUtil.java:30)
	at tourGuide.service.TourGuideService.trackUserLocation(TourGuideService.java:84)
	at tourGuide.service.TourGuideService$1.run(TourGuideService.java:115)
Exception in thread "Thread-95" java.lang.NumberFormatException: For input string: "16,669451"
	at sun.misc.FloatingDecimal.readJavaFormatString(FloatingDecimal.java:2043)
	at sun.misc.FloatingDecimal.parseDouble(FloatingDecimal.java:110)
	at java.lang.Double.parseDouble(Double.java:538)
	at gpsUtil.GpsUtil.getUserLocation(GpsUtil.java:30)
	at tourGuide.service.TourGuideService.trackUserLocation(TourGuideService.java:84)
	at tourGuide.service.TourGuideService$1.run(TourGuideService.java:115)
Exception in thread "Thread-93" java.lang.NumberFormatException: For input string: "38,797978"
	at sun.misc.FloatingDecimal.readJavaFormatString(FloatingDecimal.java:2043)
	at sun.misc.FloatingDecimal.parseDouble(FloatingDecimal.java:110)
	at java.lang.Double.parseDouble(Double.java:538)
	at gpsUtil.GpsUtil.getUserLocation(GpsUtil.java:30)
	at tourGuide.service.TourGuideService.trackUserLocation(TourGuideService.java:84)
	at tourGuide.service.TourGuideService$1.run(TourGuideService.java:115)
Exception in thread "Thread-84" java.lang.NumberFormatException: For input string: "-136,910280"
	at sun.misc.FloatingDecimal.readJavaFormatString(FloatingDecimal.java:2043)
	at sun.misc.FloatingDecimal.parseDouble(FloatingDecimal.java:110)
	at java.lang.Double.parseDouble(Double.java:538)
	at gpsUtil.GpsUtil.getUserLocation(GpsUtil.java:30)
	at tourGuide.service.TourGuideService.trackUserLocation(TourGuideService.java:84)
	at tourGuide.service.TourGuideService$1.run(TourGuideService.java:115)
Exception in thread "Thread-139" java.lang.NumberFormatException: For input string: "112,905756"
	at sun.misc.FloatingDecimal.readJavaFormatString(FloatingDecimal.java:2043)
	at sun.misc.FloatingDecimal.parseDouble(FloatingDecimal.java:110)
	at java.lang.Double.parseDouble(Double.java:538)
	at gpsUtil.GpsUtil.getUserLocation(GpsUtil.java:30)
	at tourGuide.service.TourGuideService.trackUserLocation(TourGuideService.java:84)
	at tourGuide.service.TourGuideService$1.run(TourGuideService.java:115)
Exception in thread "Thread-103" java.lang.NumberFormatException: For input string: "89,378019"
	at sun.misc.FloatingDecimal.readJavaFormatString(FloatingDecimal.java:2043)
	at sun.misc.FloatingDecimal.parseDouble(FloatingDecimal.java:110)
	at java.lang.Double.parseDouble(Double.java:538)
	at gpsUtil.GpsUtil.getUserLocation(GpsUtil.java:30)
	at tourGuide.service.TourGuideService.trackUserLocation(TourGuideService.java:84)
	at tourGuide.service.TourGuideService$1.run(TourGuideService.java:115)
Exception in thread "Thread-92" java.lang.NumberFormatException: For input string: "-107,129955"
	at sun.misc.FloatingDecimal.readJavaFormatString(FloatingDecimal.java:2043)
	at sun.misc.FloatingDecimal.parseDouble(FloatingDecimal.java:110)
	at java.lang.Double.parseDouble(Double.java:538)
	at gpsUtil.GpsUtil.getUserLocation(GpsUtil.java:30)
	at tourGuide.service.TourGuideService.trackUserLocation(TourGuideService.java:84)
	at tourGuide.service.TourGuideService$1.run(TourGuideService.java:115)
Exception in thread "Thread-85" java.lang.NumberFormatException: For input string: "-56,698702"
	at sun.misc.FloatingDecimal.readJavaFormatString(FloatingDecimal.java:2043)
	at sun.misc.FloatingDecimal.parseDouble(FloatingDecimal.java:110)
	at java.lang.Double.parseDouble(Double.java:538)
	at gpsUtil.GpsUtil.getUserLocation(GpsUtil.java:30)
	at tourGuide.service.TourGuideService.trackUserLocation(TourGuideService.java:84)
	at tourGuide.service.TourGuideService$1.run(TourGuideService.java:115)
Exception in thread "Thread-97" java.lang.NumberFormatException: For input string: "82,942029"
	at sun.misc.FloatingDecimal.readJavaFormatString(FloatingDecimal.java:2043)
	at sun.misc.FloatingDecimal.parseDouble(FloatingDecimal.java:110)
	at java.lang.Double.parseDouble(Double.java:538)
	at gpsUtil.GpsUtil.getUserLocation(GpsUtil.java:30)
	at tourGuide.service.TourGuideService.trackUserLocation(TourGuideService.java:84)
	at tourGuide.service.TourGuideService$1.run(TourGuideService.java:115)
Exception in thread "Thread-39" java.lang.NumberFormatException: For input string: "-164,951516"
	at sun.misc.FloatingDecimal.readJavaFormatString(FloatingDecimal.java:2043)
	at sun.misc.FloatingDecimal.parseDouble(FloatingDecimal.java:110)
	at java.lang.Double.parseDouble(Double.java:538)
	at gpsUtil.GpsUtil.getUserLocation(GpsUtil.java:30)
	at tourGuide.service.TourGuideService.trackUserLocation(TourGuideService.java:84)
	at tourGuide.service.TourGuideService$1.run(TourGuideService.java:115)
Exception in thread "Thread-34" java.lang.NumberFormatException: For input string: "-79,354627"
	at sun.misc.FloatingDecimal.readJavaFormatString(FloatingDecimal.java:2043)
	at sun.misc.FloatingDecimal.parseDouble(FloatingDecimal.java:110)
	at java.lang.Double.parseDouble(Double.java:538)
	at gpsUtil.GpsUtil.getUserLocation(GpsUtil.java:30)
	at tourGuide.service.TourGuideService.trackUserLocation(TourGuideService.java:84)
	at tourGuide.service.TourGuideService$1.run(TourGuideService.java:115)
Exception in thread "Thread-189" java.lang.NumberFormatException: For input string: "-31,989591"
	at sun.misc.FloatingDecimal.readJavaFormatString(FloatingDecimal.java:2043)
	at sun.misc.FloatingDecimal.parseDouble(FloatingDecimal.java:110)
	at java.lang.Double.parseDouble(Double.java:538)
	at gpsUtil.GpsUtil.getUserLocation(GpsUtil.java:30)
	at tourGuide.service.TourGuideService.trackUserLocation(TourGuideService.java:84)
	at tourGuide.service.TourGuideService$1.run(TourGuideService.java:115)
Exception in thread "Thread-196" java.lang.NumberFormatException: For input string: "24,683771"
	at sun.misc.FloatingDecimal.readJavaFormatString(FloatingDecimal.java:2043)
	at sun.misc.FloatingDecimal.parseDouble(FloatingDecimal.java:110)
	at java.lang.Double.parseDouble(Double.java:538)
	at gpsUtil.GpsUtil.getUserLocation(GpsUtil.java:30)
	at tourGuide.service.TourGuideService.trackUserLocation(TourGuideService.java:84)
	at tourGuide.service.TourGuideService$1.run(TourGuideService.java:115)
Exception in thread "Thread-201" java.lang.NumberFormatException: For input string: "-162,482091"
	at sun.misc.FloatingDecimal.readJavaFormatString(FloatingDecimal.java:2043)
	at sun.misc.FloatingDecimal.parseDouble(FloatingDecimal.java:110)
	at java.lang.Double.parseDouble(Double.java:538)
	at gpsUtil.GpsUtil.getUserLocation(GpsUtil.java:30)
	at tourGuide.service.TourGuideService.trackUserLocation(TourGuideService.java:84)
	at tourGuide.service.TourGuideService$1.run(TourGuideService.java:115)
Exception in thread "Thread-166" java.lang.NumberFormatException: For input string: "105,662968"
	at sun.misc.FloatingDecimal.readJavaFormatString(FloatingDecimal.java:2043)
	at sun.misc.FloatingDecimal.parseDouble(FloatingDecimal.java:110)
	at java.lang.Double.parseDouble(Double.java:538)
	at gpsUtil.GpsUtil.getUserLocation(GpsUtil.java:30)
	at tourGuide.service.TourGuideService.trackUserLocation(TourGuideService.java:84)
	at tourGuide.service.TourGuideService$1.run(TourGuideService.java:115)
Exception in thread "Thread-37" java.lang.NumberFormatException: For input string: "6,080010"
	at sun.misc.FloatingDecimal.readJavaFormatString(FloatingDecimal.java:2043)
	at sun.misc.FloatingDecimal.parseDouble(FloatingDecimal.java:110)
	at java.lang.Double.parseDouble(Double.java:538)
	at gpsUtil.GpsUtil.getUserLocation(GpsUtil.java:30)
	at tourGuide.service.TourGuideService.trackUserLocation(TourGuideService.java:84)
	at tourGuide.service.TourGuideService$1.run(TourGuideService.java:115)
Exception in thread "Thread-100" java.lang.NumberFormatException: For input string: "157,902421"
	at sun.misc.FloatingDecimal.readJavaFormatString(FloatingDecimal.java:2043)
	at sun.misc.FloatingDecimal.parseDouble(FloatingDecimal.java:110)
	at java.lang.Double.parseDouble(Double.java:538)
	at gpsUtil.GpsUtil.getUserLocation(GpsUtil.java:30)
	at tourGuide.service.TourGuideService.trackUserLocation(TourGuideService.java:84)
	at tourGuide.service.TourGuideService$1.run(TourGuideService.java:115)
Exception in thread "Thread-110" java.lang.NumberFormatException: For input string: "12,531727"
	at sun.misc.FloatingDecimal.readJavaFormatString(FloatingDecimal.java:2043)
	at sun.misc.FloatingDecimal.parseDouble(FloatingDecimal.java:110)
	at java.lang.Double.parseDouble(Double.java:538)
	at gpsUtil.GpsUtil.getUserLocation(GpsUtil.java:30)
	at tourGuide.service.TourGuideService.trackUserLocation(TourGuideService.java:84)
	at tourGuide.service.TourGuideService$1.run(TourGuideService.java:115)
Exception in thread "Thread-132" java.lang.NumberFormatException: For input string: "-108,414727"
	at sun.misc.FloatingDecimal.readJavaFormatString(FloatingDecimal.java:2043)
	at sun.misc.FloatingDecimal.parseDouble(FloatingDecimal.java:110)
	at java.lang.Double.parseDouble(Double.java:538)
	at gpsUtil.GpsUtil.getUserLocation(GpsUtil.java:30)
	at tourGuide.service.TourGuideService.trackUserLocation(TourGuideService.java:84)
	at tourGuide.service.TourGuideService$1.run(TourGuideService.java:115)
Exception in thread "Thread-35" java.lang.NumberFormatException: For input string: "-154,736174"
	at sun.misc.FloatingDecimal.readJavaFormatString(FloatingDecimal.java:2043)
	at sun.misc.FloatingDecimal.parseDouble(FloatingDecimal.java:110)
	at java.lang.Double.parseDouble(Double.java:538)
	at gpsUtil.GpsUtil.getUserLocation(GpsUtil.java:30)
	at tourGuide.service.TourGuideService.trackUserLocation(TourGuideService.java:84)
	at tourGuide.service.TourGuideService$1.run(TourGuideService.java:115)
Exception in thread "Thread-105" java.lang.NumberFormatException: For input string: "64,663349"
	at sun.misc.FloatingDecimal.readJavaFormatString(FloatingDecimal.java:2043)
	at sun.misc.FloatingDecimal.parseDouble(FloatingDecimal.java:110)
	at java.lang.Double.parseDouble(Double.java:538)
	at gpsUtil.GpsUtil.getUserLocation(GpsUtil.java:30)
	at tourGuide.service.TourGuideService.trackUserLocation(TourGuideService.java:84)
	at tourGuide.service.TourGuideService$1.run(TourGuideService.java:115)
Exception in thread "Thread-200" java.lang.NumberFormatException: For input string: "-139,356320"
	at sun.misc.FloatingDecimal.readJavaFormatString(FloatingDecimal.java:2043)
	at sun.misc.FloatingDecimal.parseDouble(FloatingDecimal.java:110)
	at java.lang.Double.parseDouble(Double.java:538)
	at gpsUtil.GpsUtil.getUserLocation(GpsUtil.java:30)
	at tourGuide.service.TourGuideService.trackUserLocation(TourGuideService.java:84)
	at tourGuide.service.TourGuideService$1.run(TourGuideService.java:115)
Exception in thread "Thread-113" java.lang.NumberFormatException: For input string: "-51,798989"
	at sun.misc.FloatingDecimal.readJavaFormatString(FloatingDecimal.java:2043)
	at sun.misc.FloatingDecimal.parseDouble(FloatingDecimal.java:110)
	at java.lang.Double.parseDouble(Double.java:538)
	at gpsUtil.GpsUtil.getUserLocation(GpsUtil.java:30)
	at tourGuide.service.TourGuideService.trackUserLocation(TourGuideService.java:84)
	at tourGuide.service.TourGuideService$1.run(TourGuideService.java:115)
Exception in thread "Thread-126" java.lang.NumberFormatException: For input string: "-130,717617"
	at sun.misc.FloatingDecimal.readJavaFormatString(FloatingDecimal.java:2043)
	at sun.misc.FloatingDecimal.parseDouble(FloatingDecimal.java:110)
	at java.lang.Double.parseDouble(Double.java:538)
	at gpsUtil.GpsUtil.getUserLocation(GpsUtil.java:30)
	at tourGuide.service.TourGuideService.trackUserLocation(TourGuideService.java:84)
	at tourGuide.service.TourGuideService$1.run(TourGuideService.java:115)
Exception in thread "Thread-234" java.lang.NumberFormatException: For input string: "-114,044864"
	at sun.misc.FloatingDecimal.readJavaFormatString(FloatingDecimal.java:2043)
	at sun.misc.FloatingDecimal.parseDouble(FloatingDecimal.java:110)
	at java.lang.Double.parseDouble(Double.java:538)
	at gpsUtil.GpsUtil.getUserLocation(GpsUtil.java:30)
	at tourGuide.service.TourGuideService.trackUserLocation(TourGuideService.java:84)
	at tourGuide.service.TourGuideService$1.run(TourGuideService.java:115)
Exception in thread "Thread-36" java.lang.NumberFormatException: For input string: "51,148330"
	at sun.misc.FloatingDecimal.readJavaFormatString(FloatingDecimal.java:2043)
	at sun.misc.FloatingDecimal.parseDouble(FloatingDecimal.java:110)
	at java.lang.Double.parseDouble(Double.java:538)
	at gpsUtil.GpsUtil.getUserLocation(GpsUtil.java:30)
	at tourGuide.service.TourGuideService.trackUserLocation(TourGuideService.java:84)
	at tourGuide.service.TourGuideService$1.run(TourGuideService.java:115)
Exception in thread "Thread-11" java.lang.NumberFormatException: For input string: "124,228758"
	at sun.misc.FloatingDecimal.readJavaFormatString(FloatingDecimal.java:2043)
	at sun.misc.FloatingDecimal.parseDouble(FloatingDecimal.java:110)
	at java.lang.Double.parseDouble(Double.java:538)
	at gpsUtil.GpsUtil.getUserLocation(GpsUtil.java:30)
	at tourGuide.service.TourGuideService.trackUserLocation(TourGuideService.java:84)
	at tourGuide.service.TourGuideService$1.run(TourGuideService.java:115)
Exception in thread "Thread-63" java.lang.NumberFormatException: For input string: "138,562773"
	at sun.misc.FloatingDecimal.readJavaFormatString(FloatingDecimal.java:2043)
	at sun.misc.FloatingDecimal.parseDouble(FloatingDecimal.java:110)
	at java.lang.Double.parseDouble(Double.java:538)
	at gpsUtil.GpsUtil.getUserLocation(GpsUtil.java:30)
	at tourGuide.service.TourGuideService.trackUserLocation(TourGuideService.java:84)
	at tourGuide.service.TourGuideService$1.run(TourGuideService.java:115)
Exception in thread "Thread-150" java.lang.NumberFormatException: For input string: "132,213888"
	at sun.misc.FloatingDecimal.readJavaFormatString(FloatingDecimal.java:2043)
	at sun.misc.FloatingDecimal.parseDouble(FloatingDecimal.java:110)
	at java.lang.Double.parseDouble(Double.java:538)
	at gpsUtil.GpsUtil.getUserLocation(GpsUtil.java:30)
	at tourGuide.service.TourGuideService.trackUserLocation(TourGuideService.java:84)
	at tourGuide.service.TourGuideService$1.run(TourGuideService.java:115)
Exception in thread "Thread-180" java.lang.NumberFormatException: For input string: "39,276188"
	at sun.misc.FloatingDecimal.readJavaFormatString(FloatingDecimal.java:2043)
	at sun.misc.FloatingDecimal.parseDouble(FloatingDecimal.java:110)
	at java.lang.Double.parseDouble(Double.java:538)
	at gpsUtil.GpsUtil.getUserLocation(GpsUtil.java:30)
	at tourGuide.service.TourGuideService.trackUserLocation(TourGuideService.java:84)
	at tourGuide.service.TourGuideService$1.run(TourGuideService.java:115)
Exception in thread "Thread-46" java.lang.NumberFormatException: For input string: "173,671445"
	at sun.misc.FloatingDecimal.readJavaFormatString(FloatingDecimal.java:2043)
	at sun.misc.FloatingDecimal.parseDouble(FloatingDecimal.java:110)
	at java.lang.Double.parseDouble(Double.java:538)
	at gpsUtil.GpsUtil.getUserLocation(GpsUtil.java:30)
	at tourGuide.service.TourGuideService.trackUserLocation(TourGuideService.java:84)
	at tourGuide.service.TourGuideService$1.run(TourGuideService.java:115)
Exception in thread "Thread-49" java.lang.NumberFormatException: For input string: "41,109242"
	at sun.misc.FloatingDecimal.readJavaFormatString(FloatingDecimal.java:2043)
	at sun.misc.FloatingDecimal.parseDouble(FloatingDecimal.java:110)
	at java.lang.Double.parseDouble(Double.java:538)
	at gpsUtil.GpsUtil.getUserLocation(GpsUtil.java:30)
	at tourGuide.service.TourGuideService.trackUserLocation(TourGuideService.java:84)
	at tourGuide.service.TourGuideService$1.run(TourGuideService.java:115)
Exception in thread "Thread-81" java.lang.NumberFormatException: For input string: "78,221537"
	at sun.misc.FloatingDecimal.readJavaFormatString(FloatingDecimal.java:2043)
	at sun.misc.FloatingDecimal.parseDouble(FloatingDecimal.java:110)
	at java.lang.Double.parseDouble(Double.java:538)
	at gpsUtil.GpsUtil.getUserLocation(GpsUtil.java:30)
	at tourGuide.service.TourGuideService.trackUserLocation(TourGuideService.java:84)
	at tourGuide.service.TourGuideService$1.run(TourGuideService.java:115)
Exception in thread "Thread-157" java.lang.NumberFormatException: For input string: "-133,178115"
	at sun.misc.FloatingDecimal.readJavaFormatString(FloatingDecimal.java:2043)
	at sun.misc.FloatingDecimal.parseDouble(FloatingDecimal.java:110)
	at java.lang.Double.parseDouble(Double.java:538)
	at gpsUtil.GpsUtil.getUserLocation(GpsUtil.java:30)
	at tourGuide.service.TourGuideService.trackUserLocation(TourGuideService.java:84)
	at tourGuide.service.TourGuideService$1.run(TourGuideService.java:115)
Exception in thread "Thread-264" java.lang.NumberFormatException: For input string: "156,202079"
	at sun.misc.FloatingDecimal.readJavaFormatString(FloatingDecimal.java:2043)
	at sun.misc.FloatingDecimal.parseDouble(FloatingDecimal.java:110)
	at java.lang.Double.parseDouble(Double.java:538)
	at gpsUtil.GpsUtil.getUserLocation(GpsUtil.java:30)
	at tourGuide.service.TourGuideService.trackUserLocation(TourGuideService.java:84)
	at tourGuide.service.TourGuideService$1.run(TourGuideService.java:115)
Exception in thread "Thread-75" java.lang.NumberFormatException: For input string: "58,588595"
	at sun.misc.FloatingDecimal.readJavaFormatString(FloatingDecimal.java:2043)
	at sun.misc.FloatingDecimal.parseDouble(FloatingDecimal.java:110)
	at java.lang.Double.parseDouble(Double.java:538)
	at gpsUtil.GpsUtil.getUserLocation(GpsUtil.java:30)
	at tourGuide.service.TourGuideService.trackUserLocation(TourGuideService.java:84)
	at tourGuide.service.TourGuideService$1.run(TourGuideService.java:115)
Exception in thread "Thread-222" java.lang.NumberFormatException: For input string: "151,252123"
	at sun.misc.FloatingDecimal.readJavaFormatString(FloatingDecimal.java:2043)
	at sun.misc.FloatingDecimal.parseDouble(FloatingDecimal.java:110)
	at java.lang.Double.parseDouble(Double.java:538)
	at gpsUtil.GpsUtil.getUserLocation(GpsUtil.java:30)
	at tourGuide.service.TourGuideService.trackUserLocation(TourGuideService.java:84)
	at tourGuide.service.TourGuideService$1.run(TourGuideService.java:115)
Exception in thread "Thread-9" java.lang.NumberFormatException: For input string: "147,698561"
	at sun.misc.FloatingDecimal.readJavaFormatString(FloatingDecimal.java:2043)
	at sun.misc.FloatingDecimal.parseDouble(FloatingDecimal.java:110)
	at java.lang.Double.parseDouble(Double.java:538)
	at gpsUtil.GpsUtil.getUserLocation(GpsUtil.java:30)
	at tourGuide.service.TourGuideService.trackUserLocation(TourGuideService.java:84)
	at tourGuide.service.TourGuideService$1.run(TourGuideService.java:115)
Exception in thread "Thread-55" java.lang.NumberFormatException: For input string: "97,477031"
	at sun.misc.FloatingDecimal.readJavaFormatString(FloatingDecimal.java:2043)
	at sun.misc.FloatingDecimal.parseDouble(FloatingDecimal.java:110)
	at java.lang.Double.parseDouble(Double.java:538)
	at gpsUtil.GpsUtil.getUserLocation(GpsUtil.java:30)
	at tourGuide.service.TourGuideService.trackUserLocation(TourGuideService.java:84)
	at tourGuide.service.TourGuideService$1.run(TourGuideService.java:115)
Exception in thread "Thread-101" java.lang.NumberFormatException: For input string: "-7,527276"
	at sun.misc.FloatingDecimal.readJavaFormatString(FloatingDecimal.java:2043)
	at sun.misc.FloatingDecimal.parseDouble(FloatingDecimal.java:110)
	at java.lang.Double.parseDouble(Double.java:538)
	at gpsUtil.GpsUtil.getUserLocation(GpsUtil.java:30)
	at tourGuide.service.TourGuideService.trackUserLocation(TourGuideService.java:84)
	at tourGuide.service.TourGuideService$1.run(TourGuideService.java:115)
Exception in thread "Thread-205" java.lang.NumberFormatException: For input string: "4,147643"
	at sun.misc.FloatingDecimal.readJavaFormatString(FloatingDecimal.java:2043)
	at sun.misc.FloatingDecimal.parseDouble(FloatingDecimal.java:110)
	at java.lang.Double.parseDouble(Double.java:538)
	at gpsUtil.GpsUtil.getUserLocation(GpsUtil.java:30)
	at tourGuide.service.TourGuideService.trackUserLocation(TourGuideService.java:84)
	at tourGuide.service.TourGuideService$1.run(TourGuideService.java:115)
Exception in thread "Thread-288" java.lang.NumberFormatException: For input string: "-56,284951"
	at sun.misc.FloatingDecimal.readJavaFormatString(FloatingDecimal.java:2043)
	at sun.misc.FloatingDecimal.parseDouble(FloatingDecimal.java:110)
	at java.lang.Double.parseDouble(Double.java:538)
	at gpsUtil.GpsUtil.getUserLocation(GpsUtil.java:30)
	at tourGuide.service.TourGuideService.trackUserLocation(TourGuideService.java:84)
	at tourGuide.service.TourGuideService$1.run(TourGuideService.java:115)
Exception in thread "Thread-178" java.lang.NumberFormatException: For input string: "117,826549"
	at sun.misc.FloatingDecimal.readJavaFormatString(FloatingDecimal.java:2043)
	at sun.misc.FloatingDecimal.parseDouble(FloatingDecimal.java:110)
	at java.lang.Double.parseDouble(Double.java:538)
	at gpsUtil.GpsUtil.getUserLocation(GpsUtil.java:30)
	at tourGuide.service.TourGuideService.trackUserLocation(TourGuideService.java:84)
	at tourGuide.service.TourGuideService$1.run(TourGuideService.java:115)
Exception in thread "Thread-271" java.lang.NumberFormatException: For input string: "-1,110846"
	at sun.misc.FloatingDecimal.readJavaFormatString(FloatingDecimal.java:2043)
	at sun.misc.FloatingDecimal.parseDouble(FloatingDecimal.java:110)
	at java.lang.Double.parseDouble(Double.java:538)
	at gpsUtil.GpsUtil.getUserLocation(GpsUtil.java:30)
	at tourGuide.service.TourGuideService.trackUserLocation(TourGuideService.java:84)
	at tourGuide.service.TourGuideService$1.run(TourGuideService.java:115)
Exception in thread "Thread-141" java.lang.NumberFormatException: For input string: "-84,632586"
	at sun.misc.FloatingDecimal.readJavaFormatString(FloatingDecimal.java:2043)
	at sun.misc.FloatingDecimal.parseDouble(FloatingDecimal.java:110)
	at java.lang.Double.parseDouble(Double.java:538)
	at gpsUtil.GpsUtil.getUserLocation(GpsUtil.java:30)
	at tourGuide.service.TourGuideService.trackUserLocation(TourGuideService.java:84)
	at tourGuide.service.TourGuideService$1.run(TourGuideService.java:115)
Exception in thread "Thread-47" java.lang.NumberFormatException: For input string: "131,431556"
	at sun.misc.FloatingDecimal.readJavaFormatString(FloatingDecimal.java:2043)
	at sun.misc.FloatingDecimal.parseDouble(FloatingDecimal.java:110)
	at java.lang.Double.parseDouble(Double.java:538)
	at gpsUtil.GpsUtil.getUserLocation(GpsUtil.java:30)
	at tourGuide.service.TourGuideService.trackUserLocation(TourGuideService.java:84)
	at tourGuide.service.TourGuideService$1.run(TourGuideService.java:115)
Exception in thread "Thread-79" java.lang.NumberFormatException: For input string: "137,496991"
	at sun.misc.FloatingDecimal.readJavaFormatString(FloatingDecimal.java:2043)
	at sun.misc.FloatingDecimal.parseDouble(FloatingDecimal.java:110)
	at java.lang.Double.parseDouble(Double.java:538)
	at gpsUtil.GpsUtil.getUserLocation(GpsUtil.java:30)
	at tourGuide.service.TourGuideService.trackUserLocation(TourGuideService.java:84)
	at tourGuide.service.TourGuideService$1.run(TourGuideService.java:115)
Exception in thread "Thread-168" java.lang.NumberFormatException: For input string: "-112,686795"
	at sun.misc.FloatingDecimal.readJavaFormatString(FloatingDecimal.java:2043)
	at sun.misc.FloatingDecimal.parseDouble(FloatingDecimal.java:110)
	at java.lang.Double.parseDouble(Double.java:538)
	at gpsUtil.GpsUtil.getUserLocation(GpsUtil.java:30)
	at tourGuide.service.TourGuideService.trackUserLocation(TourGuideService.java:84)
	at tourGuide.service.TourGuideService$1.run(TourGuideService.java:115)
Exception in thread "Thread-291" java.lang.NumberFormatException: For input string: "-23,924823"
	at sun.misc.FloatingDecimal.readJavaFormatString(FloatingDecimal.java:2043)
	at sun.misc.FloatingDecimal.parseDouble(FloatingDecimal.java:110)
	at java.lang.Double.parseDouble(Double.java:538)
	at gpsUtil.GpsUtil.getUserLocation(GpsUtil.java:30)
	at tourGuide.service.TourGuideService.trackUserLocation(TourGuideService.java:84)
	at tourGuide.service.TourGuideService$1.run(TourGuideService.java:115)
Exception in thread "Thread-57" java.lang.NumberFormatException: For input string: "-145,815187"
	at sun.misc.FloatingDecimal.readJavaFormatString(FloatingDecimal.java:2043)
	at sun.misc.FloatingDecimal.parseDouble(FloatingDecimal.java:110)
	at java.lang.Double.parseDouble(Double.java:538)
	at gpsUtil.GpsUtil.getUserLocation(GpsUtil.java:30)
	at tourGuide.service.TourGuideService.trackUserLocation(TourGuideService.java:84)
	at tourGuide.service.TourGuideService$1.run(TourGuideService.java:115)
Exception in thread "Thread-322" java.lang.NumberFormatException: For input string: "-75,545442"
	at sun.misc.FloatingDecimal.readJavaFormatString(FloatingDecimal.java:2043)
	at sun.misc.FloatingDecimal.parseDouble(FloatingDecimal.java:110)
	at java.lang.Double.parseDouble(Double.java:538)
	at gpsUtil.GpsUtil.getUserLocation(GpsUtil.java:30)
	at tourGuide.service.TourGuideService.trackUserLocation(TourGuideService.java:84)
	at tourGuide.service.TourGuideService$1.run(TourGuideService.java:115)
Exception in thread "Thread-237" java.lang.NumberFormatException: For input string: "153,246129"
	at sun.misc.FloatingDecimal.readJavaFormatString(FloatingDecimal.java:2043)
	at sun.misc.FloatingDecimal.parseDouble(FloatingDecimal.java:110)
	at java.lang.Double.parseDouble(Double.java:538)
	at gpsUtil.GpsUtil.getUserLocation(GpsUtil.java:30)
	at tourGuide.service.TourGuideService.trackUserLocation(TourGuideService.java:84)
	at tourGuide.service.TourGuideService$1.run(TourGuideService.java:115)
Exception in thread "Thread-51" java.lang.NumberFormatException: For input string: "-92,801008"
	at sun.misc.FloatingDecimal.readJavaFormatString(FloatingDecimal.java:2043)
	at sun.misc.FloatingDecimal.parseDouble(FloatingDecimal.java:110)
	at java.lang.Double.parseDouble(Double.java:538)
	at gpsUtil.GpsUtil.getUserLocation(GpsUtil.java:30)
	at tourGuide.service.TourGuideService.trackUserLocation(TourGuideService.java:84)
	at tourGuide.service.TourGuideService$1.run(TourGuideService.java:115)
Exception in thread "Thread-307" java.lang.NumberFormatException: For input string: "81,476414"
	at sun.misc.FloatingDecimal.readJavaFormatString(FloatingDecimal.java:2043)
	at sun.misc.FloatingDecimal.parseDouble(FloatingDecimal.java:110)
	at java.lang.Double.parseDouble(Double.java:538)
	at gpsUtil.GpsUtil.getUserLocation(GpsUtil.java:30)
	at tourGuide.service.TourGuideService.trackUserLocation(TourGuideService.java:84)
	at tourGuide.service.TourGuideService$1.run(TourGuideService.java:115)
Exception in thread "Thread-76" java.lang.NumberFormatException: For input string: "-52,949974"
	at sun.misc.FloatingDecimal.readJavaFormatString(FloatingDecimal.java:2043)
	at sun.misc.FloatingDecimal.parseDouble(FloatingDecimal.java:110)
	at java.lang.Double.parseDouble(Double.java:538)
	at gpsUtil.GpsUtil.getUserLocation(GpsUtil.java:30)
	at tourGuide.service.TourGuideService.trackUserLocation(TourGuideService.java:84)
	at tourGuide.service.TourGuideService$1.run(TourGuideService.java:115)
Exception in thread "Thread-213" java.lang.NumberFormatException: For input string: "17,811330"
	at sun.misc.FloatingDecimal.readJavaFormatString(FloatingDecimal.java:2043)
	at sun.misc.FloatingDecimal.parseDouble(FloatingDecimal.java:110)
	at java.lang.Double.parseDouble(Double.java:538)
	at gpsUtil.GpsUtil.getUserLocation(GpsUtil.java:30)
	at tourGuide.service.TourGuideService.trackUserLocation(TourGuideService.java:84)
	at tourGuide.service.TourGuideService$1.run(TourGuideService.java:115)
Exception in thread "Thread-276" java.lang.NumberFormatException: For input string: "-178,029830"
	at sun.misc.FloatingDecimal.readJavaFormatString(FloatingDecimal.java:2043)
	at sun.misc.FloatingDecimal.parseDouble(FloatingDecimal.java:110)
	at java.lang.Double.parseDouble(Double.java:538)
	at gpsUtil.GpsUtil.getUserLocation(GpsUtil.java:30)
	at tourGuide.service.TourGuideService.trackUserLocation(TourGuideService.java:84)
	at tourGuide.service.TourGuideService$1.run(TourGuideService.java:115)
Exception in thread "Thread-192" java.lang.NumberFormatException: For input string: "-73,935683"
	at sun.misc.FloatingDecimal.readJavaFormatString(FloatingDecimal.java:2043)
	at sun.misc.FloatingDecimal.parseDouble(FloatingDecimal.java:110)
	at java.lang.Double.parseDouble(Double.java:538)
	at gpsUtil.GpsUtil.getUserLocation(GpsUtil.java:30)
	at tourGuide.service.TourGuideService.trackUserLocation(TourGuideService.java:84)
	at tourGuide.service.TourGuideService$1.run(TourGuideService.java:115)
Exception in thread "Thread-133" java.lang.NumberFormatException: For input string: "-120,422271"
	at sun.misc.FloatingDecimal.readJavaFormatString(FloatingDecimal.java:2043)
	at sun.misc.FloatingDecimal.parseDouble(FloatingDecimal.java:110)
	at java.lang.Double.parseDouble(Double.java:538)
	at gpsUtil.GpsUtil.getUserLocation(GpsUtil.java:30)
	at tourGuide.service.TourGuideService.trackUserLocation(TourGuideService.java:84)
	at tourGuide.service.TourGuideService$1.run(TourGuideService.java:115)
Exception in thread "Thread-245" java.lang.NumberFormatException: For input string: "148,789763"
	at sun.misc.FloatingDecimal.readJavaFormatString(FloatingDecimal.java:2043)
	at sun.misc.FloatingDecimal.parseDouble(FloatingDecimal.java:110)
	at java.lang.Double.parseDouble(Double.java:538)
	at gpsUtil.GpsUtil.getUserLocation(GpsUtil.java:30)
	at tourGuide.service.TourGuideService.trackUserLocation(TourGuideService.java:84)
	at tourGuide.service.TourGuideService$1.run(TourGuideService.java:115)
Exception in thread "Thread-287" java.lang.NumberFormatException: For input string: "32,332718"
	at sun.misc.FloatingDecimal.readJavaFormatString(FloatingDecimal.java:2043)
	at sun.misc.FloatingDecimal.parseDouble(FloatingDecimal.java:110)
	at java.lang.Double.parseDouble(Double.java:538)
	at gpsUtil.GpsUtil.getUserLocation(GpsUtil.java:30)
	at tourGuide.service.TourGuideService.trackUserLocation(TourGuideService.java:84)
	at tourGuide.service.TourGuideService$1.run(TourGuideService.java:115)
Exception in thread "Thread-263" java.lang.NumberFormatException: For input string: "0,860406"
	at sun.misc.FloatingDecimal.readJavaFormatString(FloatingDecimal.java:2043)
	at sun.misc.FloatingDecimal.parseDouble(FloatingDecimal.java:110)
	at java.lang.Double.parseDouble(Double.java:538)
	at gpsUtil.GpsUtil.getUserLocation(GpsUtil.java:30)
	at tourGuide.service.TourGuideService.trackUserLocation(TourGuideService.java:84)
	at tourGuide.service.TourGuideService$1.run(TourGuideService.java:115)
Exception in thread "Thread-317" java.lang.NumberFormatException: For input string: "178,578667"
	at sun.misc.FloatingDecimal.readJavaFormatString(FloatingDecimal.java:2043)
	at sun.misc.FloatingDecimal.parseDouble(FloatingDecimal.java:110)
	at java.lang.Double.parseDouble(Double.java:538)
	at gpsUtil.GpsUtil.getUserLocation(GpsUtil.java:30)
	at tourGuide.service.TourGuideService.trackUserLocation(TourGuideService.java:84)
	at tourGuide.service.TourGuideService$1.run(TourGuideService.java:115)
Exception in thread "Thread-283" java.lang.NumberFormatException: For input string: "-36,732396"
	at sun.misc.FloatingDecimal.readJavaFormatString(FloatingDecimal.java:2043)
	at sun.misc.FloatingDecimal.parseDouble(FloatingDecimal.java:110)
	at java.lang.Double.parseDouble(Double.java:538)
	at gpsUtil.GpsUtil.getUserLocation(GpsUtil.java:30)
	at tourGuide.service.TourGuideService.trackUserLocation(TourGuideService.java:84)
	at tourGuide.service.TourGuideService$1.run(TourGuideService.java:115)
Exception in thread "Thread-238" java.lang.NumberFormatException: For input string: "109,995369"
	at sun.misc.FloatingDecimal.readJavaFormatString(FloatingDecimal.java:2043)
	at sun.misc.FloatingDecimal.parseDouble(FloatingDecimal.java:110)
	at java.lang.Double.parseDouble(Double.java:538)
	at gpsUtil.GpsUtil.getUserLocation(GpsUtil.java:30)
	at tourGuide.service.TourGuideService.trackUserLocation(TourGuideService.java:84)
	at tourGuide.service.TourGuideService$1.run(TourGuideService.java:115)
Exception in thread "Thread-214" java.lang.NumberFormatException: For input string: "-15,432079"
	at sun.misc.FloatingDecimal.readJavaFormatString(FloatingDecimal.java:2043)
	at sun.misc.FloatingDecimal.parseDouble(FloatingDecimal.java:110)
	at java.lang.Double.parseDouble(Double.java:538)
	at gpsUtil.GpsUtil.getUserLocation(GpsUtil.java:30)
	at tourGuide.service.TourGuideService.trackUserLocation(TourGuideService.java:84)
	at tourGuide.service.TourGuideService$1.run(TourGuideService.java:115)
Exception in thread "Thread-164" java.lang.NumberFormatException: For input string: "52,668920"
	at sun.misc.FloatingDecimal.readJavaFormatString(FloatingDecimal.java:2043)
	at sun.misc.FloatingDecimal.parseDouble(FloatingDecimal.java:110)
	at java.lang.Double.parseDouble(Double.java:538)
	at gpsUtil.GpsUtil.getUserLocation(GpsUtil.java:30)
	at tourGuide.service.TourGuideService.trackUserLocation(TourGuideService.java:84)
	at tourGuide.service.TourGuideService$1.run(TourGuideService.java:115)
Exception in thread "Thread-297" java.lang.NumberFormatException: For input string: "-168,527989"
	at sun.misc.FloatingDecimal.readJavaFormatString(FloatingDecimal.java:2043)
	at sun.misc.FloatingDecimal.parseDouble(FloatingDecimal.java:110)
	at java.lang.Double.parseDouble(Double.java:538)
	at gpsUtil.GpsUtil.getUserLocation(GpsUtil.java:30)
	at tourGuide.service.TourGuideService.trackUserLocation(TourGuideService.java:84)
	at tourGuide.service.TourGuideService$1.run(TourGuideService.java:115)
Exception in thread "Thread-123" java.lang.NumberFormatException: For input string: "-120,075187"
	at sun.misc.FloatingDecimal.readJavaFormatString(FloatingDecimal.java:2043)
	at sun.misc.FloatingDecimal.parseDouble(FloatingDecimal.java:110)
	at java.lang.Double.parseDouble(Double.java:538)
	at gpsUtil.GpsUtil.getUserLocation(GpsUtil.java:30)
	at tourGuide.service.TourGuideService.trackUserLocation(TourGuideService.java:84)
	at tourGuide.service.TourGuideService$1.run(TourGuideService.java:115)
Exception in thread "Thread-73" java.lang.NumberFormatException: For input string: "158,202925"
	at sun.misc.FloatingDecimal.readJavaFormatString(FloatingDecimal.java:2043)
	at sun.misc.FloatingDecimal.parseDouble(FloatingDecimal.java:110)
	at java.lang.Double.parseDouble(Double.java:538)
	at gpsUtil.GpsUtil.getUserLocation(GpsUtil.java:30)
	at tourGuide.service.TourGuideService.trackUserLocation(TourGuideService.java:84)
	at tourGuide.service.TourGuideService$1.run(TourGuideService.java:115)
Exception in thread "Thread-44" java.lang.NumberFormatException: For input string: "-139,237703"
	at sun.misc.FloatingDecimal.readJavaFormatString(FloatingDecimal.java:2043)
	at sun.misc.FloatingDecimal.parseDouble(FloatingDecimal.java:110)
	at java.lang.Double.parseDouble(Double.java:538)
	at gpsUtil.GpsUtil.getUserLocation(GpsUtil.java:30)
	at tourGuide.service.TourGuideService.trackUserLocation(TourGuideService.java:84)
	at tourGuide.service.TourGuideService$1.run(TourGuideService.java:115)
Exception in thread "Thread-184" java.lang.NumberFormatException: For input string: "144,352353"
	at sun.misc.FloatingDecimal.readJavaFormatString(FloatingDecimal.java:2043)
	at sun.misc.FloatingDecimal.parseDouble(FloatingDecimal.java:110)
	at java.lang.Double.parseDouble(Double.java:538)
	at gpsUtil.GpsUtil.getUserLocation(GpsUtil.java:30)
	at tourGuide.service.TourGuideService.trackUserLocation(TourGuideService.java:84)
	at tourGuide.service.TourGuideService$1.run(TourGuideService.java:115)
Exception in thread "Thread-78" java.lang.NumberFormatException: For input string: "65,623147"
	at sun.misc.FloatingDecimal.readJavaFormatString(FloatingDecimal.java:2043)
	at sun.misc.FloatingDecimal.parseDouble(FloatingDecimal.java:110)
	at java.lang.Double.parseDouble(Double.java:538)
	at gpsUtil.GpsUtil.getUserLocation(GpsUtil.java:30)
	at tourGuide.service.TourGuideService.trackUserLocation(TourGuideService.java:84)
	at tourGuide.service.TourGuideService$1.run(TourGuideService.java:115)
Exception in thread "Thread-190" java.lang.NumberFormatException: For input string: "34,016057"
	at sun.misc.FloatingDecimal.readJavaFormatString(FloatingDecimal.java:2043)
	at sun.misc.FloatingDecimal.parseDouble(FloatingDecimal.java:110)
	at java.lang.Double.parseDouble(Double.java:538)
	at gpsUtil.GpsUtil.getUserLocation(GpsUtil.java:30)
	at tourGuide.service.TourGuideService.trackUserLocation(TourGuideService.java:84)
	at tourGuide.service.TourGuideService$1.run(TourGuideService.java:115)
Exception in thread "Thread-265" java.lang.NumberFormatException: For input string: "80,632521"
	at sun.misc.FloatingDecimal.readJavaFormatString(FloatingDecimal.java:2043)
	at sun.misc.FloatingDecimal.parseDouble(FloatingDecimal.java:110)
	at java.lang.Double.parseDouble(Double.java:538)
	at gpsUtil.GpsUtil.getUserLocation(GpsUtil.java:30)
	at tourGuide.service.TourGuideService.trackUserLocation(TourGuideService.java:84)
	at tourGuide.service.TourGuideService$1.run(TourGuideService.java:115)
Exception in thread "Thread-240" java.lang.NumberFormatException: For input string: "126,424822"
	at sun.misc.FloatingDecimal.readJavaFormatString(FloatingDecimal.java:2043)
	at sun.misc.FloatingDecimal.parseDouble(FloatingDecimal.java:110)
	at java.lang.Double.parseDouble(Double.java:538)
	at gpsUtil.GpsUtil.getUserLocation(GpsUtil.java:30)
	at tourGuide.service.TourGuideService.trackUserLocation(TourGuideService.java:84)
	at tourGuide.service.TourGuideService$1.run(TourGuideService.java:115)
Exception in thread "Thread-370" java.lang.NumberFormatException: For input string: "161,242924"
	at sun.misc.FloatingDecimal.readJavaFormatString(FloatingDecimal.java:2043)
	at sun.misc.FloatingDecimal.parseDouble(FloatingDecimal.java:110)
	at java.lang.Double.parseDouble(Double.java:538)
	at gpsUtil.GpsUtil.getUserLocation(GpsUtil.java:30)
	at tourGuide.service.TourGuideService.trackUserLocation(TourGuideService.java:84)
	at tourGuide.service.TourGuideService$1.run(TourGuideService.java:115)
Exception in thread "Thread-371" java.lang.NumberFormatException: For input string: "121,920635"
	at sun.misc.FloatingDecimal.readJavaFormatString(FloatingDecimal.java:2043)
	at sun.misc.FloatingDecimal.parseDouble(FloatingDecimal.java:110)
	at java.lang.Double.parseDouble(Double.java:538)
	at gpsUtil.GpsUtil.getUserLocation(GpsUtil.java:30)
	at tourGuide.service.TourGuideService.trackUserLocation(TourGuideService.java:84)
	at tourGuide.service.TourGuideService$1.run(TourGuideService.java:115)
Exception in thread "Thread-304" java.lang.NumberFormatException: For input string: "-157,638242"
	at sun.misc.FloatingDecimal.readJavaFormatString(FloatingDecimal.java:2043)
	at sun.misc.FloatingDecimal.parseDouble(FloatingDecimal.java:110)
	at java.lang.Double.parseDouble(Double.java:538)
	at gpsUtil.GpsUtil.getUserLocation(GpsUtil.java:30)
	at tourGuide.service.TourGuideService.trackUserLocation(TourGuideService.java:84)
	at tourGuide.service.TourGuideService$1.run(TourGuideService.java:115)
Exception in thread "Thread-289" java.lang.NumberFormatException: For input string: "36,357328"
	at sun.misc.FloatingDecimal.readJavaFormatString(FloatingDecimal.java:2043)
	at sun.misc.FloatingDecimal.parseDouble(FloatingDecimal.java:110)
	at java.lang.Double.parseDouble(Double.java:538)
	at gpsUtil.GpsUtil.getUserLocation(GpsUtil.java:30)
	at tourGuide.service.TourGuideService.trackUserLocation(TourGuideService.java:84)
	at tourGuide.service.TourGuideService$1.run(TourGuideService.java:115)
Exception in thread "Thread-82" java.lang.NumberFormatException: For input string: "-171,545949"
	at sun.misc.FloatingDecimal.readJavaFormatString(FloatingDecimal.java:2043)
	at sun.misc.FloatingDecimal.parseDouble(FloatingDecimal.java:110)
	at java.lang.Double.parseDouble(Double.java:538)
	at gpsUtil.GpsUtil.getUserLocation(GpsUtil.java:30)
	at tourGuide.service.TourGuideService.trackUserLocation(TourGuideService.java:84)
	at tourGuide.service.TourGuideService$1.run(TourGuideService.java:115)
Exception in thread "Thread-241" java.lang.NumberFormatException: For input string: "-147,997367"
	at sun.misc.FloatingDecimal.readJavaFormatString(FloatingDecimal.java:2043)
	at sun.misc.FloatingDecimal.parseDouble(FloatingDecimal.java:110)
	at java.lang.Double.parseDouble(Double.java:538)
	at gpsUtil.GpsUtil.getUserLocation(GpsUtil.java:30)
	at tourGuide.service.TourGuideService.trackUserLocation(TourGuideService.java:84)
	at tourGuide.service.TourGuideService$1.run(TourGuideService.java:115)
Exception in thread "Thread-251" java.lang.NumberFormatException: For input string: "-64,732861"
	at sun.misc.FloatingDecimal.readJavaFormatString(FloatingDecimal.java:2043)
	at sun.misc.FloatingDecimal.parseDouble(FloatingDecimal.java:110)
	at java.lang.Double.parseDouble(Double.java:538)
	at gpsUtil.GpsUtil.getUserLocation(GpsUtil.java:30)
	at tourGuide.service.TourGuideService.trackUserLocation(TourGuideService.java:84)
	at tourGuide.service.TourGuideService$1.run(TourGuideService.java:115)
Exception in thread "Thread-209" java.lang.NumberFormatException: For input string: "151,975191"
	at sun.misc.FloatingDecimal.readJavaFormatString(FloatingDecimal.java:2043)
	at sun.misc.FloatingDecimal.parseDouble(FloatingDecimal.java:110)
	at java.lang.Double.parseDouble(Double.java:538)
	at gpsUtil.GpsUtil.getUserLocation(GpsUtil.java:30)
	at tourGuide.service.TourGuideService.trackUserLocation(TourGuideService.java:84)
	at tourGuide.service.TourGuideService$1.run(TourGuideService.java:115)
Exception in thread "Thread-327" java.lang.NumberFormatException: For input string: "17,383424"
	at sun.misc.FloatingDecimal.readJavaFormatString(FloatingDecimal.java:2043)
	at sun.misc.FloatingDecimal.parseDouble(FloatingDecimal.java:110)
	at java.lang.Double.parseDouble(Double.java:538)
	at gpsUtil.GpsUtil.getUserLocation(GpsUtil.java:30)
	at tourGuide.service.TourGuideService.trackUserLocation(TourGuideService.java:84)
	at tourGuide.service.TourGuideService$1.run(TourGuideService.java:115)
Exception in thread "Thread-56" java.lang.NumberFormatException: For input string: "103,879554"
	at sun.misc.FloatingDecimal.readJavaFormatString(FloatingDecimal.java:2043)
	at sun.misc.FloatingDecimal.parseDouble(FloatingDecimal.java:110)
	at java.lang.Double.parseDouble(Double.java:538)
	at gpsUtil.GpsUtil.getUserLocation(GpsUtil.java:30)
	at tourGuide.service.TourGuideService.trackUserLocation(TourGuideService.java:84)
	at tourGuide.service.TourGuideService$1.run(TourGuideService.java:115)
Exception in thread "Thread-54" java.lang.NumberFormatException: For input string: "-24,507553"
	at sun.misc.FloatingDecimal.readJavaFormatString(FloatingDecimal.java:2043)
	at sun.misc.FloatingDecimal.parseDouble(FloatingDecimal.java:110)
	at java.lang.Double.parseDouble(Double.java:538)
	at gpsUtil.GpsUtil.getUserLocation(GpsUtil.java:30)
	at tourGuide.service.TourGuideService.trackUserLocation(TourGuideService.java:84)
	at tourGuide.service.TourGuideService$1.run(TourGuideService.java:115)
Exception in thread "Thread-87" java.lang.NumberFormatException: For input string: "-20,869673"
	at sun.misc.FloatingDecimal.readJavaFormatString(FloatingDecimal.java:2043)
	at sun.misc.FloatingDecimal.parseDouble(FloatingDecimal.java:110)
	at java.lang.Double.parseDouble(Double.java:538)
	at gpsUtil.GpsUtil.getUserLocation(GpsUtil.java:30)
	at tourGuide.service.TourGuideService.trackUserLocation(TourGuideService.java:84)
	at tourGuide.service.TourGuideService$1.run(TourGuideService.java:115)
Exception in thread "Thread-223" java.lang.NumberFormatException: For input string: "-64,766616"
	at sun.misc.FloatingDecimal.readJavaFormatString(FloatingDecimal.java:2043)
	at sun.misc.FloatingDecimal.parseDouble(FloatingDecimal.java:110)
	at java.lang.Double.parseDouble(Double.java:538)
	at gpsUtil.GpsUtil.getUserLocation(GpsUtil.java:30)
	at tourGuide.service.TourGuideService.trackUserLocation(TourGuideService.java:84)
	at tourGuide.service.TourGuideService$1.run(TourGuideService.java:115)
Exception in thread "Thread-284" java.lang.NumberFormatException: For input string: "99,794324"
	at sun.misc.FloatingDecimal.readJavaFormatString(FloatingDecimal.java:2043)
	at sun.misc.FloatingDecimal.parseDouble(FloatingDecimal.java:110)
	at java.lang.Double.parseDouble(Double.java:538)
	at gpsUtil.GpsUtil.getUserLocation(GpsUtil.java:30)
	at tourGuide.service.TourGuideService.trackUserLocation(TourGuideService.java:84)
	at tourGuide.service.TourGuideService$1.run(TourGuideService.java:115)
Exception in thread "Thread-60" java.lang.NumberFormatException: For input string: "-67,674445"
	at sun.misc.FloatingDecimal.readJavaFormatString(FloatingDecimal.java:2043)
	at sun.misc.FloatingDecimal.parseDouble(FloatingDecimal.java:110)
	at java.lang.Double.parseDouble(Double.java:538)
	at gpsUtil.GpsUtil.getUserLocation(GpsUtil.java:30)
	at tourGuide.service.TourGuideService.trackUserLocation(TourGuideService.java:84)
	at tourGuide.service.TourGuideService$1.run(TourGuideService.java:115)
Exception in thread "Thread-269" java.lang.NumberFormatException: For input string: "-109,443573"
	at sun.misc.FloatingDecimal.readJavaFormatString(FloatingDecimal.java:2043)
	at sun.misc.FloatingDecimal.parseDouble(FloatingDecimal.java:110)
	at java.lang.Double.parseDouble(Double.java:538)
	at gpsUtil.GpsUtil.getUserLocation(GpsUtil.java:30)
	at tourGuide.service.TourGuideService.trackUserLocation(TourGuideService.java:84)
	at tourGuide.service.TourGuideService$1.run(TourGuideService.java:115)
Exception in thread "Thread-219" java.lang.NumberFormatException: For input string: "-22,590244"
	at sun.misc.FloatingDecimal.readJavaFormatString(FloatingDecimal.java:2043)
	at sun.misc.FloatingDecimal.parseDouble(FloatingDecimal.java:110)
	at java.lang.Double.parseDouble(Double.java:538)
	at gpsUtil.GpsUtil.getUserLocation(GpsUtil.java:30)
	at tourGuide.service.TourGuideService.trackUserLocation(TourGuideService.java:84)
	at tourGuide.service.TourGuideService$1.run(TourGuideService.java:115)
Exception in thread "Thread-396" java.lang.NumberFormatException: For input string: "179,198052"
	at sun.misc.FloatingDecimal.readJavaFormatString(FloatingDecimal.java:2043)
	at sun.misc.FloatingDecimal.parseDouble(FloatingDecimal.java:110)
	at java.lang.Double.parseDouble(Double.java:538)
	at gpsUtil.GpsUtil.getUserLocation(GpsUtil.java:30)
	at tourGuide.service.TourGuideService.trackUserLocation(TourGuideService.java:84)
	at tourGuide.service.TourGuideService$1.run(TourGuideService.java:115)
Exception in thread "Thread-332" java.lang.NumberFormatException: For input string: "115,569218"
	at sun.misc.FloatingDecimal.readJavaFormatString(FloatingDecimal.java:2043)
	at sun.misc.FloatingDecimal.parseDouble(FloatingDecimal.java:110)
	at java.lang.Double.parseDouble(Double.java:538)
	at gpsUtil.GpsUtil.getUserLocation(GpsUtil.java:30)
	at tourGuide.service.TourGuideService.trackUserLocation(TourGuideService.java:84)
	at tourGuide.service.TourGuideService$1.run(TourGuideService.java:115)
Exception in thread "Thread-344" java.lang.NumberFormatException: For input string: "122,813152"
	at sun.misc.FloatingDecimal.readJavaFormatString(FloatingDecimal.java:2043)
	at sun.misc.FloatingDecimal.parseDouble(FloatingDecimal.java:110)
	at java.lang.Double.parseDouble(Double.java:538)
	at gpsUtil.GpsUtil.getUserLocation(GpsUtil.java:30)
	at tourGuide.service.TourGuideService.trackUserLocation(TourGuideService.java:84)
	at tourGuide.service.TourGuideService$1.run(TourGuideService.java:115)
Exception in thread "Thread-89" java.lang.NumberFormatException: For input string: "177,971569"
	at sun.misc.FloatingDecimal.readJavaFormatString(FloatingDecimal.java:2043)
	at sun.misc.FloatingDecimal.parseDouble(FloatingDecimal.java:110)
	at java.lang.Double.parseDouble(Double.java:538)
	at gpsUtil.GpsUtil.getUserLocation(GpsUtil.java:30)
	at tourGuide.service.TourGuideService.trackUserLocation(TourGuideService.java:84)
	at tourGuide.service.TourGuideService$1.run(TourGuideService.java:115)
Exception in thread "Thread-171" java.lang.NumberFormatException: For input string: "93,104298"
	at sun.misc.FloatingDecimal.readJavaFormatString(FloatingDecimal.java:2043)
	at sun.misc.FloatingDecimal.parseDouble(FloatingDecimal.java:110)
	at java.lang.Double.parseDouble(Double.java:538)
	at gpsUtil.GpsUtil.getUserLocation(GpsUtil.java:30)
	at tourGuide.service.TourGuideService.trackUserLocation(TourGuideService.java:84)
	at tourGuide.service.TourGuideService$1.run(TourGuideService.java:115)
Exception in thread "Thread-122" java.lang.NumberFormatException: For input string: "-60,221191"
	at sun.misc.FloatingDecimal.readJavaFormatString(FloatingDecimal.java:2043)
	at sun.misc.FloatingDecimal.parseDouble(FloatingDecimal.java:110)
	at java.lang.Double.parseDouble(Double.java:538)
	at gpsUtil.GpsUtil.getUserLocation(GpsUtil.java:30)
	at tourGuide.service.TourGuideService.trackUserLocation(TourGuideService.java:84)
	at tourGuide.service.TourGuideService$1.run(TourGuideService.java:115)
Exception in thread "Thread-294" java.lang.NumberFormatException: For input string: "-173,261796"
	at sun.misc.FloatingDecimal.readJavaFormatString(FloatingDecimal.java:2043)
	at sun.misc.FloatingDecimal.parseDouble(FloatingDecimal.java:110)
	at java.lang.Double.parseDouble(Double.java:538)
	at gpsUtil.GpsUtil.getUserLocation(GpsUtil.java:30)
	at tourGuide.service.TourGuideService.trackUserLocation(TourGuideService.java:84)
	at tourGuide.service.TourGuideService$1.run(TourGuideService.java:115)
Exception in thread "Thread-417" java.lang.NumberFormatException: For input string: "-159,355293"
	at sun.misc.FloatingDecimal.readJavaFormatString(FloatingDecimal.java:2043)
	at sun.misc.FloatingDecimal.parseDouble(FloatingDecimal.java:110)
	at java.lang.Double.parseDouble(Double.java:538)
	at gpsUtil.GpsUtil.getUserLocation(GpsUtil.java:30)
	at tourGuide.service.TourGuideService.trackUserLocation(TourGuideService.java:84)
	at tourGuide.service.TourGuideService$1.run(TourGuideService.java:115)
Exception in thread "Thread-306" java.lang.NumberFormatException: For input string: "-89,968472"
	at sun.misc.FloatingDecimal.readJavaFormatString(FloatingDecimal.java:2043)
	at sun.misc.FloatingDecimal.parseDouble(FloatingDecimal.java:110)
	at java.lang.Double.parseDouble(Double.java:538)
	at gpsUtil.GpsUtil.getUserLocation(GpsUtil.java:30)
	at tourGuide.service.TourGuideService.trackUserLocation(TourGuideService.java:84)
	at tourGuide.service.TourGuideService$1.run(TourGuideService.java:115)
Exception in thread "Thread-326" java.lang.NumberFormatException: For input string: "113,006256"
	at sun.misc.FloatingDecimal.readJavaFormatString(FloatingDecimal.java:2043)
	at sun.misc.FloatingDecimal.parseDouble(FloatingDecimal.java:110)
	at java.lang.Double.parseDouble(Double.java:538)
	at gpsUtil.GpsUtil.getUserLocation(GpsUtil.java:30)
	at tourGuide.service.TourGuideService.trackUserLocation(TourGuideService.java:84)
	at tourGuide.service.TourGuideService$1.run(TourGuideService.java:115)
Exception in thread "Thread-96" java.lang.NumberFormatException: For input string: "35,675675"
	at sun.misc.FloatingDecimal.readJavaFormatString(FloatingDecimal.java:2043)
	at sun.misc.FloatingDecimal.parseDouble(FloatingDecimal.java:110)
	at java.lang.Double.parseDouble(Double.java:538)
	at gpsUtil.GpsUtil.getUserLocation(GpsUtil.java:30)
	at tourGuide.service.TourGuideService.trackUserLocation(TourGuideService.java:84)
	at tourGuide.service.TourGuideService$1.run(TourGuideService.java:115)
Exception in thread "Thread-138" java.lang.NumberFormatException: For input string: "-52,250739"
	at sun.misc.FloatingDecimal.readJavaFormatString(FloatingDecimal.java:2043)
	at sun.misc.FloatingDecimal.parseDouble(FloatingDecimal.java:110)
	at java.lang.Double.parseDouble(Double.java:538)
	at gpsUtil.GpsUtil.getUserLocation(GpsUtil.java:30)
	at tourGuide.service.TourGuideService.trackUserLocation(TourGuideService.java:84)
	at tourGuide.service.TourGuideService$1.run(TourGuideService.java:115)
Exception in thread "Thread-83" java.lang.NumberFormatException: For input string: "-57,904728"
	at sun.misc.FloatingDecimal.readJavaFormatString(FloatingDecimal.java:2043)
	at sun.misc.FloatingDecimal.parseDouble(FloatingDecimal.java:110)
	at java.lang.Double.parseDouble(Double.java:538)
	at gpsUtil.GpsUtil.getUserLocation(GpsUtil.java:30)
	at tourGuide.service.TourGuideService.trackUserLocation(TourGuideService.java:84)
	at tourGuide.service.TourGuideService$1.run(TourGuideService.java:115)
Exception in thread "Thread-173" java.lang.NumberFormatException: For input string: "126,275536"
	at sun.misc.FloatingDecimal.readJavaFormatString(FloatingDecimal.java:2043)
	at sun.misc.FloatingDecimal.parseDouble(FloatingDecimal.java:110)
	at java.lang.Double.parseDouble(Double.java:538)
	at gpsUtil.GpsUtil.getUserLocation(GpsUtil.java:30)
	at tourGuide.service.TourGuideService.trackUserLocation(TourGuideService.java:84)
	at tourGuide.service.TourGuideService$1.run(TourGuideService.java:115)
Exception in thread "Thread-108" java.lang.NumberFormatException: For input string: "-79,522851"
	at sun.misc.FloatingDecimal.readJavaFormatString(FloatingDecimal.java:2043)
	at sun.misc.FloatingDecimal.parseDouble(FloatingDecimal.java:110)
	at java.lang.Double.parseDouble(Double.java:538)
	at gpsUtil.GpsUtil.getUserLocation(GpsUtil.java:30)
	at tourGuide.service.TourGuideService.trackUserLocation(TourGuideService.java:84)
	at tourGuide.service.TourGuideService$1.run(TourGuideService.java:115)
Exception in thread "Thread-259" java.lang.NumberFormatException: For input string: "-7,482581"
	at sun.misc.FloatingDecimal.readJavaFormatString(FloatingDecimal.java:2043)
	at sun.misc.FloatingDecimal.parseDouble(FloatingDecimal.java:110)
	at java.lang.Double.parseDouble(Double.java:538)
	at gpsUtil.GpsUtil.getUserLocation(GpsUtil.java:30)
	at tourGuide.service.TourGuideService.trackUserLocation(TourGuideService.java:84)
	at tourGuide.service.TourGuideService$1.run(TourGuideService.java:115)
Exception in thread "Thread-243" java.lang.NumberFormatException: For input string: "-115,274006"
	at sun.misc.FloatingDecimal.readJavaFormatString(FloatingDecimal.java:2043)
	at sun.misc.FloatingDecimal.parseDouble(FloatingDecimal.java:110)
	at java.lang.Double.parseDouble(Double.java:538)
	at gpsUtil.GpsUtil.getUserLocation(GpsUtil.java:30)
	at tourGuide.service.TourGuideService.trackUserLocation(TourGuideService.java:84)
	at tourGuide.service.TourGuideService$1.run(TourGuideService.java:115)
Exception in thread "Thread-407" java.lang.NumberFormatException: For input string: "74,065987"
	at sun.misc.FloatingDecimal.readJavaFormatString(FloatingDecimal.java:2043)
	at sun.misc.FloatingDecimal.parseDouble(FloatingDecimal.java:110)
	at java.lang.Double.parseDouble(Double.java:538)
	at gpsUtil.GpsUtil.getUserLocation(GpsUtil.java:30)
	at tourGuide.service.TourGuideService.trackUserLocation(TourGuideService.java:84)
	at tourGuide.service.TourGuideService$1.run(TourGuideService.java:115)
Exception in thread "Thread-174" java.lang.NumberFormatException: For input string: "93,908946"
	at sun.misc.FloatingDecimal.readJavaFormatString(FloatingDecimal.java:2043)
	at sun.misc.FloatingDecimal.parseDouble(FloatingDecimal.java:110)
	at java.lang.Double.parseDouble(Double.java:538)
	at gpsUtil.GpsUtil.getUserLocation(GpsUtil.java:30)
	at tourGuide.service.TourGuideService.trackUserLocation(TourGuideService.java:84)
	at tourGuide.service.TourGuideService$1.run(TourGuideService.java:115)
Exception in thread "Thread-179" java.lang.NumberFormatException: For input string: "-116,974619"
	at sun.misc.FloatingDecimal.readJavaFormatString(FloatingDecimal.java:2043)
	at sun.misc.FloatingDecimal.parseDouble(FloatingDecimal.java:110)
	at java.lang.Double.parseDouble(Double.java:538)
	at gpsUtil.GpsUtil.getUserLocation(GpsUtil.java:30)
	at tourGuide.service.TourGuideService.trackUserLocation(TourGuideService.java:84)
	at tourGuide.service.TourGuideService$1.run(TourGuideService.java:115)
Exception in thread "Thread-28" java.lang.NumberFormatException: For input string: "-167,959927"
	at sun.misc.FloatingDecimal.readJavaFormatString(FloatingDecimal.java:2043)
	at sun.misc.FloatingDecimal.parseDouble(FloatingDecimal.java:110)
	at java.lang.Double.parseDouble(Double.java:538)
	at gpsUtil.GpsUtil.getUserLocation(GpsUtil.java:30)
	at tourGuide.service.TourGuideService.trackUserLocation(TourGuideService.java:84)
	at tourGuide.service.TourGuideService$1.run(TourGuideService.java:115)
Exception in thread "Thread-338" java.lang.NumberFormatException: For input string: "161,049144"
	at sun.misc.FloatingDecimal.readJavaFormatString(FloatingDecimal.java:2043)
	at sun.misc.FloatingDecimal.parseDouble(FloatingDecimal.java:110)
	at java.lang.Double.parseDouble(Double.java:538)
	at gpsUtil.GpsUtil.getUserLocation(GpsUtil.java:30)
	at tourGuide.service.TourGuideService.trackUserLocation(TourGuideService.java:84)
	at tourGuide.service.TourGuideService$1.run(TourGuideService.java:115)
Exception in thread "Thread-50" java.lang.NumberFormatException: For input string: "40,130984"
	at sun.misc.FloatingDecimal.readJavaFormatString(FloatingDecimal.java:2043)
	at sun.misc.FloatingDecimal.parseDouble(FloatingDecimal.java:110)
	at java.lang.Double.parseDouble(Double.java:538)
	at gpsUtil.GpsUtil.getUserLocation(GpsUtil.java:30)
	at tourGuide.service.TourGuideService.trackUserLocation(TourGuideService.java:84)
	at tourGuide.service.TourGuideService$1.run(TourGuideService.java:115)
Exception in thread "Thread-118" java.lang.NumberFormatException: For input string: "-163,345369"
	at sun.misc.FloatingDecimal.readJavaFormatString(FloatingDecimal.java:2043)
	at sun.misc.FloatingDecimal.parseDouble(FloatingDecimal.java:110)
	at java.lang.Double.parseDouble(Double.java:538)
	at gpsUtil.GpsUtil.getUserLocation(GpsUtil.java:30)
	at tourGuide.service.TourGuideService.trackUserLocation(TourGuideService.java:84)
	at tourGuide.service.TourGuideService$1.run(TourGuideService.java:115)
Exception in thread "Thread-186" java.lang.NumberFormatException: For input string: "34,965576"
	at sun.misc.FloatingDecimal.readJavaFormatString(FloatingDecimal.java:2043)
	at sun.misc.FloatingDecimal.parseDouble(FloatingDecimal.java:110)
	at java.lang.Double.parseDouble(Double.java:538)
	at gpsUtil.GpsUtil.getUserLocation(GpsUtil.java:30)
	at tourGuide.service.TourGuideService.trackUserLocation(TourGuideService.java:84)
	at tourGuide.service.TourGuideService$1.run(TourGuideService.java:115)
Exception in thread "Thread-14" java.lang.NumberFormatException: For input string: "-111,718572"
	at sun.misc.FloatingDecimal.readJavaFormatString(FloatingDecimal.java:2043)
	at sun.misc.FloatingDecimal.parseDouble(FloatingDecimal.java:110)
	at java.lang.Double.parseDouble(Double.java:538)
	at gpsUtil.GpsUtil.getUserLocation(GpsUtil.java:30)
	at tourGuide.service.TourGuideService.trackUserLocation(TourGuideService.java:84)
	at tourGuide.service.TourGuideService$1.run(TourGuideService.java:115)
Exception in thread "Thread-71" java.lang.NumberFormatException: For input string: "-143,812958"
	at sun.misc.FloatingDecimal.readJavaFormatString(FloatingDecimal.java:2043)
	at sun.misc.FloatingDecimal.parseDouble(FloatingDecimal.java:110)
	at java.lang.Double.parseDouble(Double.java:538)
	at gpsUtil.GpsUtil.getUserLocation(GpsUtil.java:30)
	at tourGuide.service.TourGuideService.trackUserLocation(TourGuideService.java:84)
	at tourGuide.service.TourGuideService$1.run(TourGuideService.java:115)
Exception in thread "Thread-195" java.lang.NumberFormatException: For input string: "-65,869333"
	at sun.misc.FloatingDecimal.readJavaFormatString(FloatingDecimal.java:2043)
	at sun.misc.FloatingDecimal.parseDouble(FloatingDecimal.java:110)
	at java.lang.Double.parseDouble(Double.java:538)
	at gpsUtil.GpsUtil.getUserLocation(GpsUtil.java:30)
	at tourGuide.service.TourGuideService.trackUserLocation(TourGuideService.java:84)
	at tourGuide.service.TourGuideService$1.run(TourGuideService.java:115)
Exception in thread "Thread-77" java.lang.NumberFormatException: For input string: "144,666637"
	at sun.misc.FloatingDecimal.readJavaFormatString(FloatingDecimal.java:2043)
	at sun.misc.FloatingDecimal.parseDouble(FloatingDecimal.java:110)
	at java.lang.Double.parseDouble(Double.java:538)
	at gpsUtil.GpsUtil.getUserLocation(GpsUtil.java:30)
	at tourGuide.service.TourGuideService.trackUserLocation(TourGuideService.java:84)
	at tourGuide.service.TourGuideService$1.run(TourGuideService.java:115)
Exception in thread "Thread-31" java.lang.NumberFormatException: For input string: "-6,926429"
	at sun.misc.FloatingDecimal.readJavaFormatString(FloatingDecimal.java:2043)
	at sun.misc.FloatingDecimal.parseDouble(FloatingDecimal.java:110)
	at java.lang.Double.parseDouble(Double.java:538)
	at gpsUtil.GpsUtil.getUserLocation(GpsUtil.java:30)
	at tourGuide.service.TourGuideService.trackUserLocation(TourGuideService.java:84)
	at tourGuide.service.TourGuideService$1.run(TourGuideService.java:115)
Exception in thread "Thread-183" java.lang.NumberFormatException: For input string: "177,765768"
	at sun.misc.FloatingDecimal.readJavaFormatString(FloatingDecimal.java:2043)
	at sun.misc.FloatingDecimal.parseDouble(FloatingDecimal.java:110)
	at java.lang.Double.parseDouble(Double.java:538)
	at gpsUtil.GpsUtil.getUserLocation(GpsUtil.java:30)
	at tourGuide.service.TourGuideService.trackUserLocation(TourGuideService.java:84)
	at tourGuide.service.TourGuideService$1.run(TourGuideService.java:115)
Exception in thread "Thread-20" java.lang.NumberFormatException: For input string: "-108,857208"
	at sun.misc.FloatingDecimal.readJavaFormatString(FloatingDecimal.java:2043)
	at sun.misc.FloatingDecimal.parseDouble(FloatingDecimal.java:110)
	at java.lang.Double.parseDouble(Double.java:538)
	at gpsUtil.GpsUtil.getUserLocation(GpsUtil.java:30)
	at tourGuide.service.TourGuideService.trackUserLocation(TourGuideService.java:84)
	at tourGuide.service.TourGuideService$1.run(TourGuideService.java:115)
Exception in thread "Thread-244" java.lang.NumberFormatException: For input string: "-136,925969"
	at sun.misc.FloatingDecimal.readJavaFormatString(FloatingDecimal.java:2043)
	at sun.misc.FloatingDecimal.parseDouble(FloatingDecimal.java:110)
	at java.lang.Double.parseDouble(Double.java:538)
	at gpsUtil.GpsUtil.getUserLocation(GpsUtil.java:30)
	at tourGuide.service.TourGuideService.trackUserLocation(TourGuideService.java:84)
	at tourGuide.service.TourGuideService$1.run(TourGuideService.java:115)
Exception in thread "Thread-369" java.lang.NumberFormatException: For input string: "-53,875983"
	at sun.misc.FloatingDecimal.readJavaFormatString(FloatingDecimal.java:2043)
	at sun.misc.FloatingDecimal.parseDouble(FloatingDecimal.java:110)
	at java.lang.Double.parseDouble(Double.java:538)
	at gpsUtil.GpsUtil.getUserLocation(GpsUtil.java:30)
	at tourGuide.service.TourGuideService.trackUserLocation(TourGuideService.java:84)
	at tourGuide.service.TourGuideService$1.run(TourGuideService.java:115)
Exception in thread "Thread-281" java.lang.NumberFormatException: For input string: "-93,493566"
	at sun.misc.FloatingDecimal.readJavaFormatString(FloatingDecimal.java:2043)
	at sun.misc.FloatingDecimal.parseDouble(FloatingDecimal.java:110)
	at java.lang.Double.parseDouble(Double.java:538)
	at gpsUtil.GpsUtil.getUserLocation(GpsUtil.java:30)
	at tourGuide.service.TourGuideService.trackUserLocation(TourGuideService.java:84)
	at tourGuide.service.TourGuideService$1.run(TourGuideService.java:115)
Exception in thread "Thread-321" java.lang.NumberFormatException: For input string: "151,619901"
	at sun.misc.FloatingDecimal.readJavaFormatString(FloatingDecimal.java:2043)
	at sun.misc.FloatingDecimal.parseDouble(FloatingDecimal.java:110)
	at java.lang.Double.parseDouble(Double.java:538)
	at gpsUtil.GpsUtil.getUserLocation(GpsUtil.java:30)
	at tourGuide.service.TourGuideService.trackUserLocation(TourGuideService.java:84)
	at tourGuide.service.TourGuideService$1.run(TourGuideService.java:115)
Exception in thread "Thread-423" java.lang.NumberFormatException: For input string: "-45,781249"
	at sun.misc.FloatingDecimal.readJavaFormatString(FloatingDecimal.java:2043)
	at sun.misc.FloatingDecimal.parseDouble(FloatingDecimal.java:110)
	at java.lang.Double.parseDouble(Double.java:538)
	at gpsUtil.GpsUtil.getUserLocation(GpsUtil.java:30)
	at tourGuide.service.TourGuideService.trackUserLocation(TourGuideService.java:84)
	at tourGuide.service.TourGuideService$1.run(TourGuideService.java:115)
[...]
Exception in thread "Thread-461" java.lang.NumberFormatException: For input string: "142,063226"
	at sun.misc.FloatingDecimal.readJavaFormatString(FloatingDecimal.java:2043)
	at sun.misc.FloatingDecimal.parseDouble(FloatingDecimal.java:110)
	at java.lang.Double.parseDouble(Double.java:538)
	at gpsUtil.GpsUtil.getUserLocation(GpsUtil.java:30)
	at tourGuide.service.TourGuideService.trackUserLocation(TourGuideService.java:84)
	at tourGuide.service.TourGuideService$1.run(TourGuideService.java:115)
Exception in thread "Thread-476" java.lang.NumberFormatException: For input string: "71,520527"
	at sun.misc.FloatingDecimal.readJavaFormatString(FloatingDecimal.java:2043)
	at sun.misc.FloatingDecimal.parseDouble(FloatingDecimal.java:110)
	at java.lang.Double.parseDouble(Double.java:538)
	at gpsUtil.GpsUtil.getUserLocation(GpsUtil.java:30)
	at tourGuide.service.TourGuideService.trackUserLocation(TourGuideService.java:84)
	at tourGuide.service.TourGuideService$1.run(TourGuideService.java:115)
Exception in thread "Thread-468" java.lang.NumberFormatException: For input string: "-163,800911"
	at sun.misc.FloatingDecimal.readJavaFormatString(FloatingDecimal.java:2043)
	at sun.misc.FloatingDecimal.parseDouble(FloatingDecimal.java:110)
	at java.lang.Double.parseDouble(Double.java:538)
	at gpsUtil.GpsUtil.getUserLocation(GpsUtil.java:30)
	at tourGuide.service.TourGuideService.trackUserLocation(TourGuideService.java:84)
	at tourGuide.service.TourGuideService$1.run(TourGuideService.java:115)
Exception in thread "Thread-411" java.lang.NumberFormatException: For input string: "-141,699631"
	at sun.misc.FloatingDecimal.readJavaFormatString(FloatingDecimal.java:2043)
	at sun.misc.FloatingDecimal.parseDouble(FloatingDecimal.java:110)
	at java.lang.Double.parseDouble(Double.java:538)
	at gpsUtil.GpsUtil.getUserLocation(GpsUtil.java:30)
	at tourGuide.service.TourGuideService.trackUserLocation(TourGuideService.java:84)
	at tourGuide.service.TourGuideService$1.run(TourGuideService.java:115)
Exception in thread "Thread-403" java.lang.NumberFormatException: For input string: "36,254450"
	at sun.misc.FloatingDecimal.readJavaFormatString(FloatingDecimal.java:2043)
	at sun.misc.FloatingDecimal.parseDouble(FloatingDecimal.java:110)
	at java.lang.Double.parseDouble(Double.java:538)
	at gpsUtil.GpsUtil.getUserLocation(GpsUtil.java:30)
	at tourGuide.service.TourGuideService.trackUserLocation(TourGuideService.java:84)
	at tourGuide.service.TourGuideService$1.run(TourGuideService.java:115)
Exception in thread "Thread-485" java.lang.NumberFormatException: For input string: "3,214593"
	at sun.misc.FloatingDecimal.readJavaFormatString(FloatingDecimal.java:2043)
	at sun.misc.FloatingDecimal.parseDouble(FloatingDecimal.java:110)
	at java.lang.Double.parseDouble(Double.java:538)
	at gpsUtil.GpsUtil.getUserLocation(GpsUtil.java:30)
	at tourGuide.service.TourGuideService.trackUserLocation(TourGuideService.java:84)
	at tourGuide.service.TourGuideService$1.run(TourGuideService.java:115)
Exception in thread "Thread-435" java.lang.NumberFormatException: For input string: "169,777546"
	at sun.misc.FloatingDecimal.readJavaFormatString(FloatingDecimal.java:2043)
	at sun.misc.FloatingDecimal.parseDouble(FloatingDecimal.java:110)
	at java.lang.Double.parseDouble(Double.java:538)
	at gpsUtil.GpsUtil.getUserLocation(GpsUtil.java:30)
	at tourGuide.service.TourGuideService.trackUserLocation(TourGuideService.java:84)
	at tourGuide.service.TourGuideService$1.run(TourGuideService.java:115)
Exception in thread "Thread-363" java.lang.NumberFormatException: For input string: "-178,665022"
	at sun.misc.FloatingDecimal.readJavaFormatString(FloatingDecimal.java:2043)
	at sun.misc.FloatingDecimal.parseDouble(FloatingDecimal.java:110)
	at java.lang.Double.parseDouble(Double.java:538)
	at gpsUtil.GpsUtil.getUserLocation(GpsUtil.java:30)
	at tourGuide.service.TourGuideService.trackUserLocation(TourGuideService.java:84)
	at tourGuide.service.TourGuideService$1.run(TourGuideService.java:115)
Exception in thread "Thread-441" java.lang.NumberFormatException: For input string: "-7,122166"
	at sun.misc.FloatingDecimal.readJavaFormatString(FloatingDecimal.java:2043)
	at sun.misc.FloatingDecimal.parseDouble(FloatingDecimal.java:110)
	at java.lang.Double.parseDouble(Double.java:538)
	at gpsUtil.GpsUtil.getUserLocation(GpsUtil.java:30)
	at tourGuide.service.TourGuideService.trackUserLocation(TourGuideService.java:84)
	at tourGuide.service.TourGuideService$1.run(TourGuideService.java:115)
Exception in thread "Thread-499" java.lang.NumberFormatException: For input string: "176,667795"
	at sun.misc.FloatingDecimal.readJavaFormatString(FloatingDecimal.java:2043)
	at sun.misc.FloatingDecimal.parseDouble(FloatingDecimal.java:110)
	at java.lang.Double.parseDouble(Double.java:538)
	at gpsUtil.GpsUtil.getUserLocation(GpsUtil.java:30)
	at tourGuide.service.TourGuideService.trackUserLocation(TourGuideService.java:84)
	at tourGuide.service.TourGuideService$1.run(TourGuideService.java:115)
Exception in thread "Thread-498" java.lang.NumberFormatException: For input string: "-80,674266"
	at sun.misc.FloatingDecimal.readJavaFormatString(FloatingDecimal.java:2043)
	at sun.misc.FloatingDecimal.parseDouble(FloatingDecimal.java:110)
	at java.lang.Double.parseDouble(Double.java:538)
	at gpsUtil.GpsUtil.getUserLocation(GpsUtil.java:30)
	at tourGuide.service.TourGuideService.trackUserLocation(TourGuideService.java:84)
	at tourGuide.service.TourGuideService$1.run(TourGuideService.java:115)
Exception in thread "Thread-491" java.lang.NumberFormatException: For input string: "-148,402044"
	at sun.misc.FloatingDecimal.readJavaFormatString(FloatingDecimal.java:2043)
	at sun.misc.FloatingDecimal.parseDouble(FloatingDecimal.java:110)
	at java.lang.Double.parseDouble(Double.java:538)
	at gpsUtil.GpsUtil.getUserLocation(GpsUtil.java:30)
	at tourGuide.service.TourGuideService.trackUserLocation(TourGuideService.java:84)
	at tourGuide.service.TourGuideService$1.run(TourGuideService.java:115)
Exception in thread "Thread-368" java.lang.NumberFormatException: For input string: "85,642841"
	at sun.misc.FloatingDecimal.readJavaFormatString(FloatingDecimal.java:2043)
	at sun.misc.FloatingDecimal.parseDouble(FloatingDecimal.java:110)
	at java.lang.Double.parseDouble(Double.java:538)
	at gpsUtil.GpsUtil.getUserLocation(GpsUtil.java:30)
	at tourGuide.service.TourGuideService.trackUserLocation(TourGuideService.java:84)
	at tourGuide.service.TourGuideService$1.run(TourGuideService.java:115)
Exception in thread "Thread-328" java.lang.NumberFormatException: For input string: "-126,352177"
	at sun.misc.FloatingDecimal.readJavaFormatString(FloatingDecimal.java:2043)
	at sun.misc.FloatingDecimal.parseDouble(FloatingDecimal.java:110)
	at java.lang.Double.parseDouble(Double.java:538)
	at gpsUtil.GpsUtil.getUserLocation(GpsUtil.java:30)
	at tourGuide.service.TourGuideService.trackUserLocation(TourGuideService.java:84)
	at tourGuide.service.TourGuideService$1.run(TourGuideService.java:115)
Exception in thread "Thread-410" java.lang.NumberFormatException: For input string: "69,553420"
	at sun.misc.FloatingDecimal.readJavaFormatString(FloatingDecimal.java:2043)
	at sun.misc.FloatingDecimal.parseDouble(FloatingDecimal.java:110)
	at java.lang.Double.parseDouble(Double.java:538)
	at gpsUtil.GpsUtil.getUserLocation(GpsUtil.java:30)
	at tourGuide.service.TourGuideService.trackUserLocation(TourGuideService.java:84)
	at tourGuide.service.TourGuideService$1.run(TourGuideService.java:115)
Exception in thread "Thread-395" java.lang.NumberFormatException: For input string: "81,474088"
	at sun.misc.FloatingDecimal.readJavaFormatString(FloatingDecimal.java:2043)
	at sun.misc.FloatingDecimal.parseDouble(FloatingDecimal.java:110)
	at java.lang.Double.parseDouble(Double.java:538)
	at gpsUtil.GpsUtil.getUserLocation(GpsUtil.java:30)
	at tourGuide.service.TourGuideService.trackUserLocation(TourGuideService.java:84)
	at tourGuide.service.TourGuideService$1.run(TourGuideService.java:115)
Exception in thread "Thread-376" java.lang.NumberFormatException: For input string: "-65,151003"
	at sun.misc.FloatingDecimal.readJavaFormatString(FloatingDecimal.java:2043)
	at sun.misc.FloatingDecimal.parseDouble(FloatingDecimal.java:110)
	at java.lang.Double.parseDouble(Double.java:538)
	at gpsUtil.GpsUtil.getUserLocation(GpsUtil.java:30)
	at tourGuide.service.TourGuideService.trackUserLocation(TourGuideService.java:84)
	at tourGuide.service.TourGuideService$1.run(TourGuideService.java:115)
Exception in thread "Thread-330" java.lang.NumberFormatException: For input string: "-102,253426"
	at sun.misc.FloatingDecimal.readJavaFormatString(FloatingDecimal.java:2043)
	at sun.misc.FloatingDecimal.parseDouble(FloatingDecimal.java:110)
	at java.lang.Double.parseDouble(Double.java:538)
	at gpsUtil.GpsUtil.getUserLocation(GpsUtil.java:30)
	at tourGuide.service.TourGuideService.trackUserLocation(TourGuideService.java:84)
	at tourGuide.service.TourGuideService$1.run(TourGuideService.java:115)
Exception in thread "Thread-315" java.lang.NumberFormatException: For input string: "52,497082"
	at sun.misc.FloatingDecimal.readJavaFormatString(FloatingDecimal.java:2043)
	at sun.misc.FloatingDecimal.parseDouble(FloatingDecimal.java:110)
	at java.lang.Double.parseDouble(Double.java:538)
	at gpsUtil.GpsUtil.getUserLocation(GpsUtil.java:30)
	at tourGuide.service.TourGuideService.trackUserLocation(TourGuideService.java:84)
	at tourGuide.service.TourGuideService$1.run(TourGuideService.java:115)
Exception in thread "Thread-352" java.lang.NumberFormatException: For input string: "-31,532228"
	at sun.misc.FloatingDecimal.readJavaFormatString(FloatingDecimal.java:2043)
	at sun.misc.FloatingDecimal.parseDouble(FloatingDecimal.java:110)
	at java.lang.Double.parseDouble(Double.java:538)
	at gpsUtil.GpsUtil.getUserLocation(GpsUtil.java:30)
	at tourGuide.service.TourGuideService.trackUserLocation(TourGuideService.java:84)
	at tourGuide.service.TourGuideService$1.run(TourGuideService.java:115)
Exception in thread "Thread-446" java.lang.NumberFormatException: For input string: "-166,727079"
	at sun.misc.FloatingDecimal.readJavaFormatString(FloatingDecimal.java:2043)
	at sun.misc.FloatingDecimal.parseDouble(FloatingDecimal.java:110)
	at java.lang.Double.parseDouble(Double.java:538)
	at gpsUtil.GpsUtil.getUserLocation(GpsUtil.java:30)
	at tourGuide.service.TourGuideService.trackUserLocation(TourGuideService.java:84)
	at tourGuide.service.TourGuideService$1.run(TourGuideService.java:115)
Exception in thread "Thread-478" java.lang.NumberFormatException: For input string: "105,131160"
	at sun.misc.FloatingDecimal.readJavaFormatString(FloatingDecimal.java:2043)
	at sun.misc.FloatingDecimal.parseDouble(FloatingDecimal.java:110)
	at java.lang.Double.parseDouble(Double.java:538)
	at gpsUtil.GpsUtil.getUserLocation(GpsUtil.java:30)
	at tourGuide.service.TourGuideService.trackUserLocation(TourGuideService.java:84)
	at tourGuide.service.TourGuideService$1.run(TourGuideService.java:115)
Exception in thread "Thread-416" java.lang.NumberFormatException: For input string: "-168,986658"
	at sun.misc.FloatingDecimal.readJavaFormatString(FloatingDecimal.java:2043)
	at sun.misc.FloatingDecimal.parseDouble(FloatingDecimal.java:110)
	at java.lang.Double.parseDouble(Double.java:538)
	at gpsUtil.GpsUtil.getUserLocation(GpsUtil.java:30)
	at tourGuide.service.TourGuideService.trackUserLocation(TourGuideService.java:84)
	at tourGuide.service.TourGuideService$1.run(TourGuideService.java:115)
Exception in thread "Thread-439" java.lang.NumberFormatException: For input string: "140,175068"
	at sun.misc.FloatingDecimal.readJavaFormatString(FloatingDecimal.java:2043)
	at sun.misc.FloatingDecimal.parseDouble(FloatingDecimal.java:110)
	at java.lang.Double.parseDouble(Double.java:538)
	at gpsUtil.GpsUtil.getUserLocation(GpsUtil.java:30)
	at tourGuide.service.TourGuideService.trackUserLocation(TourGuideService.java:84)
	at tourGuide.service.TourGuideService$1.run(TourGuideService.java:115)
Exception in thread "Thread-270" java.lang.NumberFormatException: For input string: "-12,790738"
	at sun.misc.FloatingDecimal.readJavaFormatString(FloatingDecimal.java:2043)
	at sun.misc.FloatingDecimal.parseDouble(FloatingDecimal.java:110)
	at java.lang.Double.parseDouble(Double.java:538)
	at gpsUtil.GpsUtil.getUserLocation(GpsUtil.java:30)
	at tourGuide.service.TourGuideService.trackUserLocation(TourGuideService.java:84)
	at tourGuide.service.TourGuideService$1.run(TourGuideService.java:115)
Exception in thread "Thread-384" java.lang.NumberFormatException: For input string: "-82,176488"
	at sun.misc.FloatingDecimal.readJavaFormatString(FloatingDecimal.java:2043)
	at sun.misc.FloatingDecimal.parseDouble(FloatingDecimal.java:110)
	at java.lang.Double.parseDouble(Double.java:538)
	at gpsUtil.GpsUtil.getUserLocation(GpsUtil.java:30)
	at tourGuide.service.TourGuideService.trackUserLocation(TourGuideService.java:84)
	at tourGuide.service.TourGuideService$1.run(TourGuideService.java:115)
Exception in thread "Thread-308" java.lang.NumberFormatException: For input string: "127,639403"
	at sun.misc.FloatingDecimal.readJavaFormatString(FloatingDecimal.java:2043)
	at sun.misc.FloatingDecimal.parseDouble(FloatingDecimal.java:110)
	at java.lang.Double.parseDouble(Double.java:538)
	at gpsUtil.GpsUtil.getUserLocation(GpsUtil.java:30)
	at tourGuide.service.TourGuideService.trackUserLocation(TourGuideService.java:84)
	at tourGuide.service.TourGuideService$1.run(TourGuideService.java:115)
Exception in thread "Thread-479" java.lang.NumberFormatException: For input string: "143,251914"
	at sun.misc.FloatingDecimal.readJavaFormatString(FloatingDecimal.java:2043)
	at sun.misc.FloatingDecimal.parseDouble(FloatingDecimal.java:110)
	at java.lang.Double.parseDouble(Double.java:538)
	at gpsUtil.GpsUtil.getUserLocation(GpsUtil.java:30)
	at tourGuide.service.TourGuideService.trackUserLocation(TourGuideService.java:84)
	at tourGuide.service.TourGuideService$1.run(TourGuideService.java:115)
Exception in thread "Thread-480" java.lang.NumberFormatException: For input string: "16,259812"
	at sun.misc.FloatingDecimal.readJavaFormatString(FloatingDecimal.java:2043)
	at sun.misc.FloatingDecimal.parseDouble(FloatingDecimal.java:110)
	at java.lang.Double.parseDouble(Double.java:538)
	at gpsUtil.GpsUtil.getUserLocation(GpsUtil.java:30)
	at tourGuide.service.TourGuideService.trackUserLocation(TourGuideService.java:84)
	at tourGuide.service.TourGuideService$1.run(TourGuideService.java:115)
Exception in thread "Thread-420" java.lang.NumberFormatException: For input string: "12,651927"
	at sun.misc.FloatingDecimal.readJavaFormatString(FloatingDecimal.java:2043)
	at sun.misc.FloatingDecimal.parseDouble(FloatingDecimal.java:110)
	at java.lang.Double.parseDouble(Double.java:538)
	at gpsUtil.GpsUtil.getUserLocation(GpsUtil.java:30)
	at tourGuide.service.TourGuideService.trackUserLocation(TourGuideService.java:84)
	at tourGuide.service.TourGuideService$1.run(TourGuideService.java:115)
Exception in thread "Thread-414" java.lang.NumberFormatException: For input string: "41,874034"
	at sun.misc.FloatingDecimal.readJavaFormatString(FloatingDecimal.java:2043)
	at sun.misc.FloatingDecimal.parseDouble(FloatingDecimal.java:110)
	at java.lang.Double.parseDouble(Double.java:538)
	at gpsUtil.GpsUtil.getUserLocation(GpsUtil.java:30)
	at tourGuide.service.TourGuideService.trackUserLocation(TourGuideService.java:84)
	at tourGuide.service.TourGuideService$1.run(TourGuideService.java:115)
Exception in thread "Thread-500" java.lang.NumberFormatException: For input string: "-69,049101"
	at sun.misc.FloatingDecimal.readJavaFormatString(FloatingDecimal.java:2043)
	at sun.misc.FloatingDecimal.parseDouble(FloatingDecimal.java:110)
	at java.lang.Double.parseDouble(Double.java:538)
	at gpsUtil.GpsUtil.getUserLocation(GpsUtil.java:30)
	at tourGuide.service.TourGuideService.trackUserLocation(TourGuideService.java:84)
	at tourGuide.service.TourGuideService$1.run(TourGuideService.java:115)
Exception in thread "Thread-342" java.lang.NumberFormatException: For input string: "-94,861345"
	at sun.misc.FloatingDecimal.readJavaFormatString(FloatingDecimal.java:2043)
	at sun.misc.FloatingDecimal.parseDouble(FloatingDecimal.java:110)
	at java.lang.Double.parseDouble(Double.java:538)
	at gpsUtil.GpsUtil.getUserLocation(GpsUtil.java:30)
	at tourGuide.service.TourGuideService.trackUserLocation(TourGuideService.java:84)
	at tourGuide.service.TourGuideService$1.run(TourGuideService.java:115)
Exception in thread "Thread-360" java.lang.NumberFormatException: For input string: "-70,541335"
	at sun.misc.FloatingDecimal.readJavaFormatString(FloatingDecimal.java:2043)
	at sun.misc.FloatingDecimal.parseDouble(FloatingDecimal.java:110)
	at java.lang.Double.parseDouble(Double.java:538)
	at gpsUtil.GpsUtil.getUserLocation(GpsUtil.java:30)
	at tourGuide.service.TourGuideService.trackUserLocation(TourGuideService.java:84)
	at tourGuide.service.TourGuideService$1.run(TourGuideService.java:115)
Exception in thread "Thread-409" java.lang.NumberFormatException: For input string: "-95,711226"
	at sun.misc.FloatingDecimal.readJavaFormatString(FloatingDecimal.java:2043)
	at sun.misc.FloatingDecimal.parseDouble(FloatingDecimal.java:110)
	at java.lang.Double.parseDouble(Double.java:538)
	at gpsUtil.GpsUtil.getUserLocation(GpsUtil.java:30)
	at tourGuide.service.TourGuideService.trackUserLocation(TourGuideService.java:84)
	at tourGuide.service.TourGuideService$1.run(TourGuideService.java:115)
Exception in thread "Thread-313" java.lang.NumberFormatException: For input string: "76,413202"
	at sun.misc.FloatingDecimal.readJavaFormatString(FloatingDecimal.java:2043)
	at sun.misc.FloatingDecimal.parseDouble(FloatingDecimal.java:110)
	at java.lang.Double.parseDouble(Double.java:538)
	at gpsUtil.GpsUtil.getUserLocation(GpsUtil.java:30)
	at tourGuide.service.TourGuideService.trackUserLocation(TourGuideService.java:84)
	at tourGuide.service.TourGuideService$1.run(TourGuideService.java:115)
Exception in thread "Thread-233" java.lang.NumberFormatException: For input string: "0,804409"
	at sun.misc.FloatingDecimal.readJavaFormatString(FloatingDecimal.java:2043)
	at sun.misc.FloatingDecimal.parseDouble(FloatingDecimal.java:110)
	at java.lang.Double.parseDouble(Double.java:538)
	at gpsUtil.GpsUtil.getUserLocation(GpsUtil.java:30)
	at tourGuide.service.TourGuideService.trackUserLocation(TourGuideService.java:84)
	at tourGuide.service.TourGuideService$1.run(TourGuideService.java:115)
Exception in thread "Thread-440" java.lang.NumberFormatException: For input string: "11,186493"
	at sun.misc.FloatingDecimal.readJavaFormatString(FloatingDecimal.java:2043)
	at sun.misc.FloatingDecimal.parseDouble(FloatingDecimal.java:110)
	at java.lang.Double.parseDouble(Double.java:538)
	at gpsUtil.GpsUtil.getUserLocation(GpsUtil.java:30)
	at tourGuide.service.TourGuideService.trackUserLocation(TourGuideService.java:84)
	at tourGuide.service.TourGuideService$1.run(TourGuideService.java:115)
Exception in thread "Thread-457" java.lang.NumberFormatException: For input string: "-26,196630"
	at sun.misc.FloatingDecimal.readJavaFormatString(FloatingDecimal.java:2043)
	at sun.misc.FloatingDecimal.parseDouble(FloatingDecimal.java:110)
	at java.lang.Double.parseDouble(Double.java:538)
	at gpsUtil.GpsUtil.getUserLocation(GpsUtil.java:30)
	at tourGuide.service.TourGuideService.trackUserLocation(TourGuideService.java:84)
	at tourGuide.service.TourGuideService$1.run(TourGuideService.java:115)
Exception in thread "Thread-481" java.lang.NumberFormatException: For input string: "74,369093"
	at sun.misc.FloatingDecimal.readJavaFormatString(FloatingDecimal.java:2043)
	at sun.misc.FloatingDecimal.parseDouble(FloatingDecimal.java:110)
	at java.lang.Double.parseDouble(Double.java:538)
	at gpsUtil.GpsUtil.getUserLocation(GpsUtil.java:30)
	at tourGuide.service.TourGuideService.trackUserLocation(TourGuideService.java:84)
	at tourGuide.service.TourGuideService$1.run(TourGuideService.java:115)
]]></system-err>
</testsuite>
